,number,values_0,values_1,datetime_start,datetime_complete,duration,params_batch_size,params_lr,params_max_length,params_weight_decay,system_attrs_NSGAIISampler:generation,state
0,0,0.5102024094925987,0.5219791887874282,2026-03-12 10:13:12.378829,2026-03-12 10:32:26.193526,0 days 00:19:13.814697,8,0.0005400000000000001,512,0.065,0,COMPLETE
1,1,0.5348970115184783,0.4925613188580619,2026-03-12 10:32:26.194535,2026-03-12 11:10:43.152486,0 days 00:38:16.957951,32,0.00029000000000000006,512,0.005,0,COMPLETE
2,2,0.5142522681327093,0.5109870698791775,2026-03-12 11:10:43.153207,2026-03-12 11:25:08.211703,0 days 00:14:25.058496,16,0.00045000000000000004,256,0.04,0,COMPLETE
3,3,0.5104009740882449,0.5170254403131115,2026-03-12 11:25:08.212453,2026-03-12 11:45:00.824327,0 days 00:19:52.611874,16,0.0004000000000000001,512,0.02,0,COMPLETE
4,4,0.5578062209216031,0.4674564459930314,2026-03-12 11:45:00.825091,2026-03-12 12:28:31.305356,0 days 00:43:30.480265,32,7.000000000000001e-05,256,0.1,0,COMPLETE
5,5,0.5079445143540701,0.506629168340699,2026-03-12 12:28:31.306010,2026-03-12 12:44:46.745552,0 days 00:16:15.439542,16,0.0007100000000000001,512,0.09,0,COMPLETE
6,6,0.5053494714555287,0.5155069439447362,2026-03-12 12:44:46.746298,2026-03-12 12:59:02.758327,0 days 00:14:16.012029,16,0.0008300000000000001,256,0.07,0,COMPLETE
7,7,0.5084861842068759,0.5103734439834025,2026-03-12 12:59:02.759074,2026-03-12 13:25:30.278478,0 days 00:26:27.519404,32,0.00018,256,0.055,0,COMPLETE
8,8,0.5001822942640723,0.5203970628229535,2026-03-12 13:25:30.279264,2026-03-12 13:43:02.034355,0 days 00:17:31.755091,8,0.00021,256,0.025,0,COMPLETE
9,9,0.5081542074680329,0.5221309833767274,2026-03-12 13:43:02.035234,2026-03-12 14:12:32.789006,0 days 00:29:30.753772,32,0.0004000000000000001,512,0.055,0,COMPLETE
10,10,0.5481371223926544,0.49477143710785776,2026-03-12 14:12:32.789775,2026-03-12 15:04:33.297284,0 days 00:52:00.507509,32,0.00016,512,0.07,0,COMPLETE
11,11,0.48961418867111206,0.5014003688776556,2026-03-12 15:04:33.298039,2026-03-12 15:22:45.062500,0 days 00:18:11.764461,32,0.00032,256,0.05,0,COMPLETE
12,12,0.5038406491279602,0.5259501835863849,2026-03-12 15:22:45.063690,2026-03-12 15:50:35.154427,0 days 00:27:50.090737,32,0.0007900000000000001,512,0.005,0,COMPLETE
13,13,0.5140579424121163,0.49897917517354023,2026-03-12 15:50:35.155237,2026-03-12 16:13:49.012868,0 days 00:23:13.857631,32,0.00022,256,0.05,0,COMPLETE
14,14,0.486831933259964,0.529550343132234,2026-03-12 16:13:49.013789,2026-03-12 16:31:49.369969,0 days 00:18:00.356180,16,0.0008400000000000001,512,0.04,0,COMPLETE
15,15,0.5123487456542689,0.49893692416725727,2026-03-12 16:31:49.370822,2026-03-12 17:03:02.793826,0 days 00:31:13.423004,8,7.000000000000001e-05,256,0.06,0,COMPLETE
16,16,0.5017367859439152,0.5135603801068184,2026-03-12 17:03:02.794680,2026-03-12 17:24:26.227967,0 days 00:21:23.433287,8,0.0001,256,0.03,0,COMPLETE
17,17,0.49468518722625004,0.5339839186310219,2026-03-12 17:24:26.228788,2026-03-12 17:42:15.316165,0 days 00:17:49.087377,16,0.00033000000000000005,256,0.085,0,COMPLETE
18,18,0.5249484890983218,0.4900625043893531,2026-03-12 17:42:15.316897,2026-03-12 18:12:36.784831,0 days 00:30:21.467934,16,0.00011,256,0.015,0,COMPLETE
19,19,0.5168771176111131,0.5070898041863605,2026-03-12 18:12:36.785629,2026-03-12 18:32:19.786205,0 days 00:19:43.000576,16,0.0002,256,0.04,0,COMPLETE
20,20,0.4936125034635717,0.5155104342921601,2026-03-12 18:32:19.786991,2026-03-12 18:50:35.074051,0 days 00:18:15.287060,32,0.00032,256,0.015,0,COMPLETE
21,21,0.49827865578911523,0.5041192891672909,2026-03-12 18:50:35.074835,2026-03-12 19:18:52.869508,0 days 00:28:17.794673,32,0.00015000000000000001,256,0.1,0,COMPLETE
22,22,0.5198477923870086,0.5105152995116118,2026-03-12 19:18:52.870221,2026-03-12 19:41:32.932253,0 days 00:22:40.062032,32,0.0008500000000000001,512,0.025,0,COMPLETE
23,23,0.5101548541675914,0.5069508150448099,2026-03-12 19:41:32.933033,2026-03-12 20:09:45.221575,0 days 00:28:12.288542,32,0.00012,256,0.06,0,COMPLETE
24,24,0.5054384524172003,0.5187708363530946,2026-03-12 20:09:45.222360,2026-03-12 20:22:57.931975,0 days 00:13:12.709615,32,0.0008,256,0.045,0,COMPLETE
25,25,0.501033637581802,0.5091879075281565,2026-03-12 20:22:57.932749,2026-03-12 20:36:39.045869,0 days 00:13:41.113120,8,0.0007800000000000001,256,0.01,0,COMPLETE
26,26,0.5327208709149134,0.47972738020724665,2026-03-12 20:36:39.046553,2026-03-12 21:30:12.663108,0 days 00:53:33.616555,16,3.0000000000000004e-05,256,0.05,0,COMPLETE
27,27,0.4793434501057718,0.5233591286901691,2026-03-12 21:30:12.663921,2026-03-12 21:43:50.077806,0 days 00:13:37.413885,8,0.0006900000000000001,256,0.08,0,COMPLETE
28,28,0.620036244392395,0.45438248891404853,2026-03-12 21:43:50.078542,2026-03-12 22:10:38.197396,0 days 00:26:48.118854,16,0.0007800000000000001,512,0.085,0,COMPLETE
29,29,0.5425189369254642,0.48198988543709365,2026-03-12 22:10:38.198314,2026-03-12 23:08:14.772480,0 days 00:57:36.574166,8,4e-05,512,0.035,0,COMPLETE
30,30,0.5048598408699035,0.5260981912144703,2026-03-12 23:08:14.773017,2026-03-12 23:30:48.948177,0 days 00:22:34.175160,32,0.0007000000000000001,512,0.065,0,COMPLETE
31,31,0.49231660095128144,0.5142135186355022,2026-03-12 23:30:48.948952,2026-03-12 23:49:05.520118,0 days 00:18:16.571166,32,0.00037000000000000005,256,0.085,0,COMPLETE
32,32,0.5724669628673129,0.5010027695540062,2026-03-12 23:49:05.520919,2026-03-13 00:12:28.085356,0 days 00:23:22.564437,16,0.0009,512,0.005,0,COMPLETE
33,33,0.5092679045417092,0.508085773313386,2026-03-13 00:12:28.086107,2026-03-13 00:35:43.559569,0 days 00:23:15.473462,32,0.00016,256,0.025,0,COMPLETE
34,34,0.4979661208827321,0.547725369801842,2026-03-13 00:35:43.560366,2026-03-13 00:51:26.850910,0 days 00:15:43.290544,8,0.00072,256,0.0,0,COMPLETE
35,35,0.4886603845017297,0.5546666666666666,2026-03-13 00:51:26.851754,2026-03-13 01:07:25.984728,0 days 00:15:59.132974,16,0.0008100000000000001,256,0.01,0,COMPLETE
36,36,0.49905733409382047,0.5158597662771286,2026-03-13 01:07:25.985576,2026-03-13 01:30:37.026003,0 days 00:23:11.040427,16,0.00014000000000000001,256,0.02,0,COMPLETE
37,37,0.5554529845714569,0.481598733676296,2026-03-13 01:30:37.026819,2026-03-13 02:19:20.243545,0 days 00:48:43.216726,32,0.00013000000000000002,512,0.085,0,COMPLETE
38,38,0.48691829873455894,0.5336543494190307,2026-03-13 02:19:20.244320,2026-03-13 02:34:44.928209,0 days 00:15:24.683889,8,0.0007700000000000001,512,0.025,0,COMPLETE
39,39,0.49592581958997817,0.5022552217056415,2026-03-13 02:34:44.928981,2026-03-13 02:52:29.222075,0 days 00:17:44.293094,16,0.00030000000000000003,256,0.0,0,COMPLETE
40,40,0.5175025280978944,0.5201046410231567,2026-03-13 02:52:29.222901,2026-03-13 03:13:35.497351,0 days 00:21:06.274450,8,0.00026000000000000003,512,0.095,0,COMPLETE
41,41,0.5110494948741866,0.5055813631006033,2026-03-13 03:13:35.498137,2026-03-13 03:44:51.894886,0 days 00:31:16.396749,8,6e-05,256,0.07,0,COMPLETE
42,42,0.49886285987767304,0.5256829871084095,2026-03-13 03:44:51.895788,2026-03-13 03:59:47.834434,0 days 00:14:55.938646,32,0.0008900000000000001,256,0.095,0,COMPLETE
43,43,0.5082611697060722,0.5250018574931272,2026-03-13 03:59:47.835241,2026-03-13 04:15:50.096985,0 days 00:16:02.261744,16,0.00047000000000000004,256,0.005,0,COMPLETE
44,44,0.5066740106452595,0.5171780393224028,2026-03-13 04:15:50.097792,2026-03-13 04:35:46.736261,0 days 00:19:56.638469,32,0.00039000000000000005,256,0.075,0,COMPLETE
45,45,0.492013849995353,0.5132151221144196,2026-03-13 04:35:46.737118,2026-03-13 04:50:48.917285,0 days 00:15:02.180167,32,0.0008700000000000001,256,0.085,0,COMPLETE
46,46,0.6678347471687529,0.3844631885868999,2026-03-13 04:50:48.918115,2026-03-13 05:48:26.518970,0 days 00:57:37.600855,8,2e-05,512,0.03,0,COMPLETE
47,47,0.4838593683459542,0.5290394379912359,2026-03-13 05:48:26.519896,2026-03-13 06:03:25.833556,0 days 00:14:59.313660,32,0.0008300000000000001,256,0.07,0,COMPLETE
48,48,0.5069518122408125,0.527951524628616,2026-03-13 06:03:25.834184,2026-03-13 06:34:08.535206,0 days 00:30:42.701022,16,0.00024,512,0.065,0,COMPLETE
49,49,0.4954722556802962,0.5174486030574591,2026-03-13 06:34:08.535976,2026-03-13 06:49:32.838242,0 days 00:15:24.302266,8,0.0008900000000000001,512,0.085,0,COMPLETE
