,number,values_0,values_1,datetime_start,datetime_complete,duration,params_batch_size,params_lr,params_max_length,params_weight_decay,system_attrs_NSGAIISampler:generation,state
0,0,0.9397442936897278,0.3919783632567088,2026-03-07 01:35:12.949956,2026-03-07 01:58:56.853490,0 days 00:23:43.903534,8,0.0008,1024,0.025,0,COMPLETE
1,1,0.9854754673110114,0.29829369620721613,2026-03-07 01:58:56.854355,2026-03-07 02:12:20.658842,0 days 00:13:23.804487,8,0.00055,512,0.07,0,COMPLETE
2,2,1.347614586353302,0.10657198796275542,2026-03-07 02:12:20.659881,2026-03-07 02:44:02.004143,0 days 00:31:41.344262,32,0.00030000000000000003,768,0.065,0,COMPLETE
3,3,1.1823097705841064,0.2000588195292632,2026-03-07 02:44:02.005052,2026-03-07 03:08:52.675311,0 days 00:24:50.670259,32,0.0005300000000000001,512,0.09,0,COMPLETE
4,4,0.9663463572661082,0.2824330182445387,2026-03-07 03:08:52.676385,2026-03-07 03:36:56.349620,0 days 00:28:03.673235,8,0.00026000000000000003,768,0.02,0,COMPLETE
5,5,1.0377378927336798,0.30473098196359083,2026-03-07 03:36:56.350470,2026-03-07 03:48:34.647951,0 days 00:11:38.297481,8,0.0007000000000000001,512,0.05,0,COMPLETE
6,6,1.0470406467264348,0.31207144020139155,2026-03-07 03:48:34.648816,2026-03-07 04:02:28.844029,0 days 00:13:54.195213,32,0.00076,256,0.055,0,COMPLETE
7,7,1.0323633892195565,0.314081425719936,2026-03-07 04:02:28.845139,2026-03-07 04:39:09.893323,0 days 00:36:41.048184,16,0.0008300000000000001,1024,0.04,0,COMPLETE
8,8,1.4739452600479126,0.03355359479828923,2026-03-07 04:39:09.894522,2026-03-07 05:20:15.312053,0 days 00:41:05.417531,32,0.0005000000000000001,1024,0.02,0,COMPLETE
9,9,1.6168296553871848,0.017824619512159537,2026-03-07 05:20:15.312891,2026-03-07 05:46:16.086326,0 days 00:26:00.773435,32,6e-05,256,0.06,0,COMPLETE
10,10,2.0265443483988443,0.0,2026-03-07 05:46:16.087728,2026-03-07 06:18:36.969504,0 days 00:32:20.881776,8,1e-05,768,0.1,0,COMPLETE
11,11,0.982641077041626,0.3040162520582702,2026-03-07 06:18:36.970242,2026-03-07 06:42:21.617575,0 days 00:23:44.647333,8,0.00033000000000000005,768,0.0,0,COMPLETE
12,12,0.9377629299958546,0.33782041160086257,2026-03-07 06:42:21.618715,2026-03-07 06:57:30.446101,0 days 00:15:08.827386,8,0.0008300000000000001,768,0.065,0,COMPLETE
13,13,1.1207775592803955,0.2639260764505439,2026-03-07 06:57:30.447234,2026-03-07 07:22:19.056686,0 days 00:24:48.609452,32,0.0006700000000000001,512,0.065,0,COMPLETE
14,14,1.9781737625598907,0.0,2026-03-07 07:22:19.057677,2026-03-07 07:53:59.231392,0 days 00:31:40.173715,32,7.000000000000001e-05,768,0.03,0,COMPLETE
15,15,0.9495499432086945,0.332628715318411,2026-03-07 07:53:59.232277,2026-03-07 08:26:23.139386,0 days 00:32:23.907109,8,0.00024,768,0.09,0,COMPLETE
16,16,1.0885826845963795,0.3241777089488637,2026-03-07 08:26:23.140577,2026-03-07 08:38:23.938281,0 days 00:12:00.797704,16,0.00068,256,0.04,0,COMPLETE
17,17,1.5891961306333542,0.017622078361569784,2026-03-07 08:38:23.939845,2026-03-07 09:10:36.532231,0 days 00:32:12.592386,16,9e-05,768,0.085,0,COMPLETE
18,18,1.0933696746826171,0.225111561872909,2026-03-07 09:10:36.533329,2026-03-07 09:35:24.957076,0 days 00:24:48.423747,32,0.00043000000000000004,512,0.035,0,COMPLETE
19,19,1.067618776385377,0.36654793272650055,2026-03-07 09:35:24.957934,2026-03-07 09:46:24.206541,0 days 00:10:59.248607,8,0.00076,256,0.065,0,COMPLETE
20,20,1.3218694925308228,0.07833398539651175,2026-03-07 09:46:24.208256,2026-03-07 10:27:16.237144,0 days 00:40:52.028888,16,0.00019,1024,0.075,0,COMPLETE
21,21,0.9849413649903404,0.32898572553976135,2026-03-07 10:27:16.238180,2026-03-07 10:40:44.808148,0 days 00:13:28.569968,8,0.0005200000000000001,512,0.095,0,COMPLETE
22,22,1.1239207603714683,0.2735596660167981,2026-03-07 10:40:44.809092,2026-03-07 10:54:42.634322,0 days 00:13:57.825230,32,0.0008,256,0.1,0,COMPLETE
23,23,1.1398526906967164,0.21491741161278344,2026-03-07 10:54:42.635469,2026-03-07 11:19:34.617818,0 days 00:24:51.982349,32,0.00032,512,0.055,0,COMPLETE
24,24,0.9827392493806234,0.3371917388216365,2026-03-07 11:19:34.618519,2026-03-07 11:30:36.250039,0 days 00:11:01.631520,8,0.00044000000000000007,256,0.095,0,COMPLETE
25,25,1.242154202858607,0.13345110894810105,2026-03-07 11:30:36.251244,2026-03-07 12:03:06.628666,0 days 00:32:30.377422,8,7.000000000000001e-05,768,0.045,0,COMPLETE
26,26,1.0922766219485889,0.2186177910196818,2026-03-07 12:03:06.629468,2026-03-07 12:29:12.992554,0 days 00:26:06.363086,32,0.00014000000000000001,256,0.065,0,COMPLETE
27,27,1.6046698689460754,0.028311937043707373,2026-03-07 12:29:12.993712,2026-03-07 12:56:05.744033,0 days 00:26:52.750321,8,3.0000000000000004e-05,512,0.075,0,COMPLETE
28,28,0.9417070012267043,0.3448862153360334,2026-03-07 12:56:05.745065,2026-03-07 13:09:05.867578,0 days 00:13:00.122513,8,0.00027000000000000006,256,0.06,0,COMPLETE
29,29,1.0541566610336304,0.29178185735662776,2026-03-07 13:09:05.869107,2026-03-07 13:33:54.506540,0 days 00:24:48.637433,32,0.00076,512,0.035,0,COMPLETE
30,30,1.0601177726473128,0.3101577640965639,2026-03-07 13:33:54.507587,2026-03-07 13:44:05.273549,0 days 00:10:10.765962,16,0.0006900000000000001,256,0.08,0,COMPLETE
31,31,1.1214677691459656,0.201093963134072,2026-03-07 13:44:05.274681,2026-03-07 14:09:31.914887,0 days 00:25:26.640206,16,0.00017,512,0.01,0,COMPLETE
32,32,1.002022566955264,0.3555769670216874,2026-03-07 14:09:31.915672,2026-03-07 14:19:33.003774,0 days 00:10:01.088102,8,0.0008100000000000001,256,0.025,0,COMPLETE
33,33,1.0217425794828505,0.33339568927129654,2026-03-07 14:19:33.004670,2026-03-07 14:37:55.850572,0 days 00:18:22.845902,16,0.00024,256,0.045,0,COMPLETE
34,34,1.218469187617302,0.13590527272999608,2026-03-07 14:37:55.852207,2026-03-07 15:10:17.191304,0 days 00:32:21.339097,16,0.00016,768,0.085,0,COMPLETE
35,35,1.103735476732254,0.21451217566159597,2026-03-07 15:10:17.192236,2026-03-07 15:41:54.889240,0 days 00:31:37.697004,32,0.00072,768,0.0,0,COMPLETE
36,36,1.2092335753970676,0.17459451082897176,2026-03-07 15:41:54.890187,2026-03-07 16:07:19.480322,0 days 00:25:24.590135,16,0.00014000000000000001,512,0.055,0,COMPLETE
37,37,1.035753064039277,0.3175468657034576,2026-03-07 16:07:19.481281,2026-03-07 16:17:21.140500,0 days 00:10:01.659219,8,0.0005600000000000001,256,0.025,0,COMPLETE
38,38,0.9519316147013408,0.3525786103327697,2026-03-07 16:17:21.141590,2026-03-07 16:28:22.081294,0 days 00:11:00.939704,8,0.00048000000000000007,256,0.035,0,COMPLETE
39,39,1.048713591363695,0.336950468889826,2026-03-07 16:28:22.082742,2026-03-07 16:47:45.913978,0 days 00:19:23.831236,16,0.0008900000000000001,512,0.095,0,COMPLETE
40,40,1.028569568221162,0.33581915949746516,2026-03-07 16:47:45.914764,2026-03-07 16:58:46.640385,0 days 00:11:00.725621,8,0.00046000000000000007,256,0.05,0,COMPLETE
41,41,1.0191360456602914,0.3184169127543038,2026-03-07 16:58:46.641745,2026-03-07 17:36:49.028761,0 days 00:38:02.387016,16,0.0006200000000000001,1024,0.015,0,COMPLETE
42,42,0.9909100929896036,0.35694217802447625,2026-03-07 17:36:49.029503,2026-03-07 17:54:32.544558,0 days 00:17:43.515055,16,0.0005300000000000001,512,0.03,0,COMPLETE
43,43,1.01223310497072,0.3385661847130189,2026-03-07 17:54:32.545349,2026-03-07 18:08:51.334263,0 days 00:14:18.788914,8,0.00076,512,0.08,0,COMPLETE
44,44,0.9104682524998983,0.3728388019806033,2026-03-07 18:08:51.335163,2026-03-07 18:26:03.887306,0 days 00:17:12.552143,8,0.0008700000000000001,768,0.02,0,COMPLETE
45,45,1.0233237905935808,0.29793823674915776,2026-03-07 18:26:03.888140,2026-03-07 18:46:52.268537,0 days 00:20:48.380397,32,0.00033000000000000005,256,0.045,0,COMPLETE
46,46,0.967737445464501,0.31193093128764615,2026-03-07 18:46:52.269659,2026-03-07 19:20:59.927082,0 days 00:34:07.657423,8,0.0003400000000000001,1024,0.0,0,COMPLETE
47,47,0.9751128156979879,0.33960917370596794,2026-03-07 19:20:59.927999,2026-03-07 19:36:12.969009,0 days 00:15:13.041010,8,0.00042000000000000007,512,0.0,0,COMPLETE
48,48,0.9883176743984222,0.2500171604653764,2026-03-07 19:36:12.969833,2026-03-07 20:08:34.972803,0 days 00:32:22.002970,8,0.00015000000000000001,768,0.08,0,COMPLETE
49,49,0.9853450143482627,0.3523380497582715,2026-03-07 20:08:34.973415,2026-03-07 20:20:34.651332,0 days 00:11:59.677917,8,0.00041000000000000005,256,0.085,0,COMPLETE
