,number,values_0,values_1,datetime_start,datetime_complete,duration,params_batch_size,params_lr,params_max_length,params_weight_decay,system_attrs_NSGAIISampler:generation,state
0,0,0.9912279082669152,0.40068267654424444,2026-03-12 22:02:47.822674,2026-03-12 22:07:44.203344,0 days 00:04:56.380670,16,0.00035000000000000005,256,0.075,0,COMPLETE
1,1,0.9381166696548462,0.3801007710338263,2026-03-12 22:07:44.203937,2026-03-12 22:12:41.999222,0 days 00:04:57.795285,8,0.0003600000000000001,512,0.09,0,COMPLETE
2,2,0.9786183569166396,0.39290474042347817,2026-03-12 22:12:41.999803,2026-03-12 22:17:53.792389,0 days 00:05:11.792586,16,0.0003600000000000001,256,0.075,0,COMPLETE
3,3,0.9637012183666229,0.4000704934511269,2026-03-12 22:17:53.793023,2026-03-12 22:22:20.243793,0 days 00:04:26.450770,16,0.0005200000000000001,256,0.07,0,COMPLETE
4,4,0.9657972314528056,0.3832747946323798,2026-03-12 22:22:20.244388,2026-03-12 22:29:52.627028,0 days 00:07:32.382640,8,0.0001,256,0.02,0,COMPLETE
5,5,2.0422934558656483,0.0,2026-03-12 22:29:52.627643,2026-03-12 22:32:40.142574,0 days 00:02:47.514931,16,0.00051,512,0.045,0,COMPLETE
6,6,2.081413459777832,0.0,2026-03-12 22:32:40.143231,2026-03-12 22:35:48.086665,0 days 00:03:07.943434,32,0.0005400000000000001,512,0.09,0,COMPLETE
7,7,2.033812012937334,0.0,2026-03-12 22:35:48.087275,2026-03-12 22:37:24.577721,0 days 00:01:36.490446,16,0.00068,256,0.03,0,COMPLETE
8,8,1.0164515243636236,0.38057560674591207,2026-03-12 22:37:24.578341,2026-03-12 22:44:30.611340,0 days 00:07:06.032999,32,0.0006200000000000001,256,0.05,0,COMPLETE
9,9,2.0364903476503162,0.0,2026-03-12 22:44:30.612009,2026-03-12 22:47:19.101945,0 days 00:02:48.489936,16,0.0008500000000000001,512,0.04,0,COMPLETE
10,10,2.079716944694519,0.0,2026-03-12 22:47:19.102553,2026-03-12 22:49:30.726491,0 days 00:02:11.623938,32,0.00072,512,0.095,0,COMPLETE
11,11,2.0177317526605396,0.0,2026-03-12 22:49:30.727076,2026-03-12 22:54:26.511939,0 days 00:04:55.784863,16,0.00048000000000000007,256,0.015,0,COMPLETE
12,12,1.3056788974338107,0.11815328153781687,2026-03-12 22:54:26.512545,2026-03-12 23:01:22.886712,0 days 00:06:56.374167,16,0.00016,512,0.005,0,COMPLETE
13,13,2.0761504888534548,0.0,2026-03-12 23:01:22.887374,2026-03-12 23:04:31.393626,0 days 00:03:08.506252,32,0.0006100000000000001,512,0.045,0,COMPLETE
14,14,0.9524194002151489,0.3949407011098524,2026-03-12 23:04:31.394269,2026-03-12 23:08:36.142716,0 days 00:04:04.748447,8,0.0006200000000000001,512,0.04,0,COMPLETE
15,15,1.1590349343087938,0.20041151230723744,2026-03-12 23:08:36.143322,2026-03-12 23:15:32.445485,0 days 00:06:56.302163,16,0.00019,512,0.025,0,COMPLETE
16,16,2.0249306890699597,0.0,2026-03-12 23:15:32.446124,2026-03-12 23:17:39.493490,0 days 00:02:07.047366,16,0.0008900000000000001,256,0.02,0,COMPLETE
17,17,0.978514744175805,0.3758214275763279,2026-03-12 23:17:39.494139,2026-03-12 23:21:49.761226,0 days 00:04:10.267087,16,0.00048000000000000007,256,0.095,0,COMPLETE
18,18,2.0820488691329957,0.0,2026-03-12 23:21:49.761870,2026-03-12 23:25:26.337121,0 days 00:03:36.575251,32,0.0008500000000000001,512,0.025,0,COMPLETE
19,19,1.15814870595932,0.2235189796133256,2026-03-12 23:25:26.337753,2026-03-12 23:33:14.037199,0 days 00:07:47.699446,16,8e-05,256,0.08,0,COMPLETE
20,20,2.085709047317505,0.0,2026-03-12 23:33:14.037847,2026-03-12 23:40:24.001806,0 days 00:07:09.963959,32,0.00015000000000000001,512,0.025,0,COMPLETE
21,21,2.0378237752353443,0.0,2026-03-12 23:40:24.002442,2026-03-12 23:43:08.561214,0 days 00:02:44.558772,8,0.0008700000000000001,512,0.005,0,COMPLETE
22,22,0.9666728938327116,0.3296250918803407,2026-03-12 23:43:08.561819,2026-03-12 23:47:13.452608,0 days 00:04:04.890789,8,0.0006200000000000001,512,0.005,0,COMPLETE
23,23,2.0730362600750394,0.0,2026-03-12 23:47:13.453255,2026-03-12 23:54:10.155222,0 days 00:06:56.701967,16,4e-05,512,0.0,0,COMPLETE
24,24,1.1592100991143122,0.24476516481909605,2026-03-12 23:54:10.155856,2026-03-13 00:02:03.336660,0 days 00:07:53.180804,32,0.00032,256,0.02,0,COMPLETE
25,25,1.0303974284066095,0.3655103516809701,2026-03-13 00:02:03.337303,2026-03-13 00:08:58.628094,0 days 00:06:55.290791,16,0.00068,512,0.035,0,COMPLETE
26,26,1.8487663745880127,0.0,2026-03-13 00:08:58.628727,2026-03-13 00:16:08.856195,0 days 00:07:10.227468,32,0.00035000000000000005,512,0.03,0,COMPLETE
27,27,2.0459129412968955,0.0,2026-03-13 00:16:08.856824,2026-03-13 00:18:15.727648,0 days 00:02:06.870824,16,0.00059,512,0.03,0,COMPLETE
28,28,1.3482367817093344,0.08694365853241509,2026-03-13 00:18:15.728258,2026-03-13 00:25:03.307995,0 days 00:06:47.579737,8,5e-05,512,0.045,0,COMPLETE
29,29,2.0841456174850466,0.0,2026-03-13 00:25:03.308634,2026-03-13 00:30:04.719885,0 days 00:05:01.411251,32,0.00032,512,0.075,0,COMPLETE
30,30,2.045340895652771,0.0,2026-03-13 00:30:04.720567,2026-03-13 00:32:39.025966,0 days 00:02:34.305399,16,0.0005600000000000001,512,0.06,0,COMPLETE
31,31,2.049254620776457,0.0,2026-03-13 00:32:39.026633,2026-03-13 00:34:02.915173,0 days 00:01:23.888540,8,0.0005600000000000001,512,0.085,0,COMPLETE
32,32,2.0767792463302612,0.0,2026-03-13 00:34:02.915827,2026-03-13 00:38:35.861819,0 days 00:04:32.945992,32,0.00059,512,0.085,0,COMPLETE
33,33,0.9987178179952834,0.3783346491355038,2026-03-13 00:38:35.862037,2026-03-13 00:44:39.970861,0 days 00:06:04.108824,32,0.00059,256,0.025,0,COMPLETE
34,34,1.8497624397277832,0.0,2026-03-13 00:44:39.971508,2026-03-13 00:51:50.492072,0 days 00:07:10.520564,32,0.00030000000000000003,512,0.08,0,COMPLETE
35,35,2.0315343274010553,0.0,2026-03-13 00:51:50.492766,2026-03-13 00:53:59.823275,0 days 00:02:09.330509,32,0.0008700000000000001,256,0.05,0,COMPLETE
36,36,0.9556673344443826,0.3792195521645479,2026-03-13 00:53:59.823938,2026-03-13 00:58:45.028559,0 days 00:04:45.204621,8,0.0004000000000000001,512,0.015,0,COMPLETE
37,37,2.0854297161102293,0.0,2026-03-13 00:58:45.029235,2026-03-13 01:00:42.454574,0 days 00:01:57.425339,32,0.0006700000000000001,512,0.1,0,COMPLETE
38,38,1.4050727023018732,0.07192017465815563,2026-03-13 01:00:42.454934,2026-03-13 01:07:39.661543,0 days 00:06:57.206609,16,0.00013000000000000002,512,0.035,0,COMPLETE
39,39,2.075584363937378,0.0,2026-03-13 01:07:39.662241,2026-03-13 01:14:50.866182,0 days 00:07:11.203941,32,0.00023,512,0.015,0,COMPLETE
40,40,2.0297066399029324,0.0,2026-03-13 01:14:50.866829,2026-03-13 01:17:19.270185,0 days 00:02:28.403356,8,0.0007700000000000001,256,0.015,0,COMPLETE
41,41,2.0275427103042603,0.0,2026-03-13 01:17:19.270866,2026-03-13 01:19:44.310600,0 days 00:02:25.039734,32,0.0009,256,0.1,0,COMPLETE
42,42,0.9713982111877866,0.3975212234914775,2026-03-13 01:19:44.311336,2026-03-13 01:24:42.215014,0 days 00:04:57.903678,16,0.00046000000000000007,256,0.065,0,COMPLETE
43,43,1.12898688807207,0.2184019817609322,2026-03-13 01:24:42.215687,2026-03-13 01:31:29.615011,0 days 00:06:47.399324,8,9e-05,512,0.065,0,COMPLETE
44,44,0.9472683457767263,0.4033242453834958,2026-03-13 01:31:29.615353,2026-03-13 01:36:41.319474,0 days 00:05:11.704121,8,0.00037000000000000005,512,0.0,0,COMPLETE
45,45,0.9753919563123158,0.3836908075444531,2026-03-13 01:36:41.320161,2026-03-13 01:42:53.771797,0 days 00:06:12.451636,8,0.00012,256,0.095,0,COMPLETE
46,46,2.0847259759902954,0.0,2026-03-13 01:42:53.772521,2026-03-13 01:45:05.675970,0 days 00:02:11.903449,32,0.0008400000000000001,512,0.01,0,COMPLETE
47,47,2.0293918318218656,0.0,2026-03-13 01:45:05.676662,2026-03-13 01:47:30.587066,0 days 00:02:24.910404,32,0.00055,256,0.04,0,COMPLETE
48,48,2.0301809413092475,0.0,2026-03-13 01:47:30.587776,2026-03-13 01:49:43.086089,0 days 00:02:12.498313,8,0.0007500000000000001,256,0.085,0,COMPLETE
49,49,2.0256356154169355,0.0,2026-03-13 01:49:43.086783,2026-03-13 01:52:59.399625,0 days 00:03:16.312842,8,0.0006700000000000001,256,0.085,0,COMPLETE
