,number,values_0,values_1,datetime_start,datetime_complete,duration,params_batch_size,params_lr,params_max_length,params_weight_decay,system_attrs_NSGAIISampler:generation,state
0,0,0.6385575211965121,0.4975148769050721,2026-03-06 10:23:29.760029,2026-03-06 10:41:37.253927,0 days 00:18:07.493898,8,0.0006200000000000001,1024,0.065,0,COMPLETE
1,1,0.6653603145054409,0.46348500958883615,2026-03-06 10:41:37.255111,2026-03-06 11:18:27.630408,0 days 00:36:50.375297,16,0.00021,1024,0.045,0,COMPLETE
2,2,0.6676008426226102,0.4845728474717891,2026-03-06 11:18:27.631252,2026-03-06 11:35:27.160171,0 days 00:16:59.528919,8,0.0009,1024,0.06,0,COMPLETE
3,3,0.6490307450294495,0.48694167286651285,2026-03-06 11:35:27.160837,2026-03-06 11:50:01.727176,0 days 00:14:34.566339,32,0.00055,512,0.055,0,COMPLETE
4,4,0.7492261409759522,0.4112616942585328,2026-03-06 11:50:01.728101,2026-03-06 12:10:58.810875,0 days 00:20:57.082774,32,0.00025000000000000006,512,0.03,0,COMPLETE
5,5,1.4212606615490384,0.0,2026-03-06 12:10:58.811706,2026-03-06 12:32:21.647348,0 days 00:21:22.835642,16,2e-05,512,0.085,0,COMPLETE
6,6,0.6507036834955215,0.48794408753990187,2026-03-06 12:32:21.648308,2026-03-06 12:54:48.069531,0 days 00:22:26.421223,8,8e-05,512,0.03,0,COMPLETE
7,7,1.111549586057663,0.13942671962689115,2026-03-06 12:54:48.070344,2026-03-06 13:32:05.887328,0 days 00:37:17.816984,32,9e-05,1024,0.075,0,COMPLETE
8,8,0.941099865095956,0.21421506057137715,2026-03-06 13:32:05.888470,2026-03-06 14:09:01.936329,0 days 00:36:56.047859,16,6e-05,1024,0.1,0,COMPLETE
9,9,0.6414502533999357,0.4891035360019222,2026-03-06 14:09:01.937119,2026-03-06 14:16:19.594793,0 days 00:07:17.657674,32,0.0007100000000000001,256,0.055,0,COMPLETE
10,10,0.6923976199967521,0.5068988997999845,2026-03-06 14:16:19.595684,2026-03-06 14:23:32.102038,0 days 00:07:12.506354,16,0.0008800000000000001,256,0.025,0,COMPLETE
11,11,0.6531132724550035,0.5090404637677547,2026-03-06 14:23:32.102930,2026-03-06 14:34:06.805385,0 days 00:10:34.702455,16,0.00063,512,0.01,0,COMPLETE
12,12,0.6250640841630789,0.48768675098626274,2026-03-06 14:34:06.806158,2026-03-06 14:56:33.261807,0 days 00:22:26.455649,8,0.00024,1024,0.085,0,COMPLETE
13,13,0.67567511399587,0.48152948605925794,2026-03-06 14:56:33.262759,2026-03-06 15:10:00.176988,0 days 00:13:26.914229,16,0.0003400000000000001,512,0.065,0,COMPLETE
14,14,0.6606457070870833,0.46061423907157945,2026-03-06 15:10:00.177796,2026-03-06 15:30:12.600563,0 days 00:20:12.422767,32,0.0001,256,0.005,0,COMPLETE
15,15,0.6419692817661498,0.48902600494304826,2026-03-06 15:30:12.601366,2026-03-06 15:44:28.912413,0 days 00:14:16.311047,8,0.0002,512,0.065,0,COMPLETE
16,16,1.3509707152843475,0.0,2026-03-06 15:44:28.913020,2026-03-06 16:12:25.711336,0 days 00:27:56.798316,32,5e-05,768,0.085,0,COMPLETE
17,17,0.7179986357688903,0.45390302589610176,2026-03-06 16:12:25.712338,2026-03-06 16:33:20.839953,0 days 00:20:55.127615,32,0.00024,512,0.065,0,COMPLETE
18,18,0.6028415491947761,0.4898846712837494,2026-03-06 16:33:20.840825,2026-03-06 16:52:38.457470,0 days 00:19:17.616645,8,0.00024,1024,0.005,0,COMPLETE
19,19,0.7069320321083069,0.4496549425588111,2026-03-06 16:52:38.458242,2026-03-06 17:12:49.023070,0 days 00:20:10.564828,32,0.0003400000000000001,512,0.095,0,COMPLETE
20,20,0.9606071352958679,0.22194805569621404,2026-03-06 17:12:49.023977,2026-03-06 17:33:40.183479,0 days 00:20:51.159502,32,0.0001,512,0.02,0,COMPLETE
21,21,0.6410889526208242,0.483792202726553,2026-03-06 17:33:40.184417,2026-03-06 17:47:08.237759,0 days 00:13:28.053342,8,0.0003400000000000001,768,0.015,0,COMPLETE
22,22,0.7819048762321472,0.3650599643223381,2026-03-06 17:47:08.238817,2026-03-06 18:24:34.821420,0 days 00:37:26.582603,16,0.00011,1024,0.085,0,COMPLETE
23,23,0.6471553173932162,0.4961898376062243,2026-03-06 18:24:34.822102,2026-03-06 18:34:38.211707,0 days 00:10:03.389605,32,0.0003600000000000001,256,0.055,0,COMPLETE
24,24,0.7585341822017323,0.41864985325702414,2026-03-06 18:34:38.212637,2026-03-06 18:42:00.136824,0 days 00:07:21.924187,32,0.0008100000000000001,256,0.09,0,COMPLETE
25,25,0.6284084944497972,0.4828059924814396,2026-03-06 18:42:00.137750,2026-03-06 18:52:02.880649,0 days 00:10:02.742899,16,0.00014000000000000001,256,0.04,0,COMPLETE
26,26,0.7102653763510964,0.4474246497224982,2026-03-06 18:52:02.881552,2026-03-06 19:03:25.318835,0 days 00:11:22.437283,32,0.00023,256,0.03,0,COMPLETE
27,27,0.5840041518211365,0.5274692106283165,2026-03-06 19:03:25.319739,2026-03-06 19:15:38.326358,0 days 00:12:13.006619,8,0.0006000000000000001,768,0.08,0,COMPLETE
28,28,0.6514816880226135,0.47760923431735003,2026-03-06 19:15:38.327053,2026-03-06 19:39:08.510522,0 days 00:23:30.183469,8,0.00024,1024,0.07,0,COMPLETE
29,29,0.7806254625320435,0.37388166803920225,2026-03-06 19:39:08.511635,2026-03-06 20:06:43.669586,0 days 00:27:35.157951,32,0.00028000000000000003,768,0.04,0,COMPLETE
30,30,0.632913061758367,0.4793479655523677,2026-03-06 20:06:43.670219,2026-03-06 20:13:36.225947,0 days 00:06:52.555728,8,0.00017,256,0.0,0,COMPLETE
31,31,0.6963413622644212,0.4848750264493147,2026-03-06 20:13:36.227060,2026-03-06 20:24:05.891135,0 days 00:10:29.664075,16,0.0006000000000000001,512,0.1,0,COMPLETE
32,32,0.7347224801778793,0.4524512574079351,2026-03-06 20:24:05.892178,2026-03-06 20:39:54.440003,0 days 00:15:48.547825,16,0.0008600000000000001,768,0.08,0,COMPLETE
33,33,0.6695305837525262,0.4620370130195838,2026-03-06 20:39:54.441096,2026-03-06 20:52:29.816147,0 days 00:12:35.375051,16,0.00029000000000000006,512,0.085,0,COMPLETE
34,34,0.7072924701940446,0.4794867040902662,2026-03-06 20:52:29.816983,2026-03-06 21:00:14.588718,0 days 00:07:44.771735,16,0.0006000000000000001,256,0.065,0,COMPLETE
35,35,0.7132955938577652,0.4185302487966442,2026-03-06 21:00:14.589757,2026-03-06 21:37:24.962289,0 days 00:37:10.372532,32,0.0004000000000000001,1024,0.015,0,COMPLETE
36,36,0.7252153515815735,0.47445382713002515,2026-03-06 21:37:24.963163,2026-03-06 21:51:04.651085,0 days 00:13:39.687922,32,0.0008200000000000001,512,0.01,0,COMPLETE
37,37,0.6481925621628761,0.5214704160003366,2026-03-06 21:51:04.651746,2026-03-06 22:05:57.296732,0 days 00:14:52.644986,16,0.00076,768,0.04,0,COMPLETE
38,38,0.6801426559686661,0.47260029601009323,2026-03-06 22:05:57.297403,2026-03-06 22:32:01.423165,0 days 00:26:04.125762,16,0.00018,768,0.04,0,COMPLETE
39,39,0.709405745778765,0.4555054209133699,2026-03-06 22:32:01.424300,2026-03-06 22:52:46.043316,0 days 00:20:44.619016,16,0.0007500000000000001,1024,0.095,0,COMPLETE
40,40,0.6189108432793036,0.5158787945255814,2026-03-06 22:52:46.044604,2026-03-06 22:58:53.088548,0 days 00:06:07.043944,8,0.0008800000000000001,256,0.02,0,COMPLETE
41,41,0.7068224251270294,0.443984189598576,2026-03-06 22:58:53.089605,2026-03-06 23:26:30.345138,0 days 00:27:37.255533,32,0.0004000000000000001,768,0.095,0,COMPLETE
42,42,0.6775480806827545,0.4316217108256215,2026-03-06 23:26:30.346319,2026-03-06 23:54:26.103423,0 days 00:27:55.757104,16,0.00016,768,0.095,0,COMPLETE
43,43,0.6308541731400923,0.4807323761599646,2026-03-06 23:54:26.104165,2026-03-07 00:01:44.545693,0 days 00:07:18.441528,32,0.0006500000000000001,256,0.015,0,COMPLETE
44,44,0.596204766860375,0.4954494296293988,2026-03-07 00:01:44.546475,2026-03-07 00:14:34.604099,0 days 00:12:50.057624,8,0.0006200000000000001,1024,0.01,0,COMPLETE
45,45,0.7405979782342911,0.4333102241185493,2026-03-07 00:14:34.605119,2026-03-07 00:34:49.298896,0 days 00:20:14.693777,32,0.0008,768,0.07,0,COMPLETE
46,46,0.6299744248390198,0.4812250655915077,2026-03-07 00:34:49.299810,2026-03-07 00:46:42.333711,0 days 00:11:53.033901,16,0.00029000000000000006,512,0.035,0,COMPLETE
47,47,0.7202251023716397,0.4595071184606609,2026-03-07 00:46:42.334573,2026-03-07 00:59:17.921215,0 days 00:12:35.586642,16,0.0004000000000000001,512,0.02,0,COMPLETE
48,48,0.6601582691073418,0.4796258036072035,2026-03-07 00:59:17.921861,2026-03-07 01:18:51.310478,0 days 00:19:33.388617,16,0.0003600000000000001,768,0.015,0,COMPLETE
49,49,0.7252170324325562,0.43395184680215143,2026-03-07 01:18:51.311166,2026-03-07 01:35:12.944618,0 days 00:16:21.633452,32,0.00045000000000000004,512,0.05,0,COMPLETE
