,number,values_0,values_1,datetime_start,datetime_complete,duration,params_batch_size,params_lr,params_max_length,params_weight_decay,system_attrs_NSGAIISampler:generation,state
0,0,0.31948758299861635,0.5900812552535724,2026-03-10 19:27:50.512873,2026-03-10 19:31:27.706271,0 days 00:03:37.193398,8,0.00030000000000000003,256,0.09,0,COMPLETE
1,1,0.3110607608276255,0.599096657633243,2026-03-10 19:31:27.707023,2026-03-10 19:35:43.123904,0 days 00:04:15.416881,8,0.0006900000000000001,512,0.01,0,COMPLETE
2,2,0.31703340055214035,0.6014954306286348,2026-03-10 19:35:43.124391,2026-03-10 19:39:40.778684,0 days 00:03:57.654293,16,0.00044000000000000007,256,0.075,0,COMPLETE
3,3,0.3195425483087699,0.6087775982767906,2026-03-10 19:39:40.779372,2026-03-10 19:44:24.503499,0 days 00:04:43.724127,16,0.00023,256,0.02,0,COMPLETE
4,4,0.3190285215775172,0.6012910314517237,2026-03-10 19:44:24.504042,2026-03-10 19:47:56.283379,0 days 00:03:31.779337,32,0.0006500000000000001,256,0.0,0,COMPLETE
5,5,0.3233362302184105,0.6154478225143798,2026-03-10 19:47:56.283929,2026-03-10 19:51:32.553657,0 days 00:03:36.269728,8,0.0008100000000000001,256,0.065,0,COMPLETE
6,6,0.3423187494277954,0.6103375929811177,2026-03-10 19:51:32.554537,2026-03-10 20:00:22.273464,0 days 00:08:49.718927,32,0.00030000000000000003,512,0.07,0,COMPLETE
7,7,0.31839976873662734,0.5975148568341437,2026-03-10 20:00:22.274160,2026-03-10 20:03:54.394546,0 days 00:03:32.120386,32,0.00076,256,0.035,0,COMPLETE
8,8,0.3263022502263387,0.6293820761151275,2026-03-10 20:03:54.395354,2026-03-10 20:08:09.860851,0 days 00:04:15.465497,16,0.00055,256,0.1,0,COMPLETE
9,9,0.32184935609499615,0.5993520518358532,2026-03-10 20:08:09.861756,2026-03-10 20:12:35.356598,0 days 00:04:25.494842,32,0.0003600000000000001,256,0.065,0,COMPLETE
10,10,0.33974069853623706,0.5988183724032781,2026-03-10 20:12:35.357554,2026-03-10 20:18:38.700515,0 days 00:06:03.342961,16,0.00024,512,0.01,0,COMPLETE
11,11,0.3326697051525116,0.6091707317073171,2026-03-10 20:18:38.701011,2026-03-10 20:25:30.486769,0 days 00:06:51.785758,32,0.00041000000000000005,512,0.03,0,COMPLETE
12,12,0.3352229849380605,0.5682406853954971,2026-03-10 20:25:30.487458,2026-03-10 20:29:14.448533,0 days 00:03:43.961075,8,0.00059,512,0.06,0,COMPLETE
13,13,0.34336050748825075,0.619673436877738,2026-03-10 20:29:14.449354,2026-03-10 20:35:07.442285,0 days 00:05:52.992931,32,0.0008,512,0.005,0,COMPLETE
14,14,0.3579236209392548,0.5879893576586849,2026-03-10 20:35:07.442938,2026-03-10 20:49:48.767248,0 days 00:14:41.324310,32,9e-05,512,0.1,0,COMPLETE
15,15,0.3480645060539246,0.6003476917133475,2026-03-10 20:49:48.767928,2026-03-10 20:59:07.439380,0 days 00:09:18.671452,32,0.00021,512,0.05,0,COMPLETE
16,16,0.3202376166979472,0.6125290023201856,2026-03-10 20:59:07.440050,2026-03-10 21:04:51.252898,0 days 00:05:43.812848,32,0.00018,256,0.045,0,COMPLETE
17,17,0.3176317512989044,0.6060837956762962,2026-03-10 21:04:51.253411,2026-03-10 21:10:53.518766,0 days 00:06:02.265355,16,0.0006200000000000001,512,0.02,0,COMPLETE
18,18,0.3283334970474243,0.6044276143314885,2026-03-10 21:10:53.519612,2026-03-10 21:14:25.335609,0 days 00:03:31.815997,32,0.0005700000000000001,256,0.045,0,COMPLETE
19,19,0.315892838379916,0.6132377899302281,2026-03-10 21:14:25.336558,2026-03-10 21:18:41.082461,0 days 00:04:15.745903,8,0.0004900000000000001,512,0.055,0,COMPLETE
20,20,0.30796031653881073,0.610188679245283,2026-03-10 21:18:41.083032,2026-03-10 21:23:13.332273,0 days 00:04:32.249241,16,0.0007100000000000001,512,0.045,0,COMPLETE
21,21,0.327317887544632,0.6111214431839315,2026-03-10 21:23:13.332864,2026-03-10 21:29:06.037823,0 days 00:05:52.704959,32,0.0008300000000000001,512,0.02,0,COMPLETE
22,22,0.3135652525557412,0.6230113636363637,2026-03-10 21:29:06.038383,2026-03-10 21:33:04.028133,0 days 00:03:57.989750,32,0.0006100000000000001,256,0.08,0,COMPLETE
23,23,0.3138326406478882,0.6043368065333709,2026-03-10 21:33:04.029031,2026-03-10 21:36:50.898835,0 days 00:03:46.869804,16,0.00037000000000000005,256,0.035,0,COMPLETE
24,24,0.3272875607013702,0.6036666036666036,2026-03-10 21:36:50.899750,2026-03-10 21:42:14.499161,0 days 00:05:23.599411,32,0.0008100000000000001,512,0.09,0,COMPLETE
25,25,0.31208867993619704,0.6063977746870655,2026-03-10 21:42:14.499979,2026-03-10 21:46:46.349403,0 days 00:04:31.849424,16,0.0006600000000000001,512,0.01,0,COMPLETE
26,26,0.3217439303795497,0.6044797278140063,2026-03-10 21:46:46.350224,2026-03-10 21:50:18.109372,0 days 00:03:31.759148,32,0.0007500000000000001,256,0.025,0,COMPLETE
27,27,0.32272949235306847,0.6210452961672475,2026-03-10 21:50:18.110090,2026-03-10 21:54:04.824231,0 days 00:03:46.714141,16,0.0006000000000000001,256,0.06,0,COMPLETE
28,28,0.31948049728359496,0.6011019283746556,2026-03-10 21:54:04.824803,2026-03-10 21:59:45.467256,0 days 00:05:40.642453,8,7.000000000000001e-05,256,0.08,0,COMPLETE
29,29,0.32710496087869007,0.6154727793696274,2026-03-10 21:59:45.468177,2026-03-10 22:05:48.169619,0 days 00:06:02.701442,16,0.00033000000000000005,512,0.04,0,COMPLETE
30,30,0.33327329754829405,0.6052336448598131,2026-03-10 22:05:48.170120,2026-03-10 22:14:35.544491,0 days 00:08:47.374371,32,0.00027000000000000006,512,0.015,0,COMPLETE
31,31,0.3194423168897629,0.6125461254612546,2026-03-10 22:14:35.545162,2026-03-10 22:18:21.853063,0 days 00:03:46.307901,16,0.00043000000000000004,256,0.095,0,COMPLETE
32,32,0.3080147881593023,0.6049296755326556,2026-03-10 22:18:21.853709,2026-03-10 22:21:58.756593,0 days 00:03:36.902884,8,0.00029000000000000006,256,0.045,0,COMPLETE
33,33,0.3058143059057849,0.619695321001088,2026-03-10 22:21:58.757248,2026-03-10 22:26:07.028834,0 days 00:04:08.271586,8,0.00041000000000000005,256,0.095,0,COMPLETE
34,34,0.32300720777776504,0.6048636302566169,2026-03-10 22:26:07.029731,2026-03-10 22:29:38.780676,0 days 00:03:31.750945,32,0.0007000000000000001,256,0.075,0,COMPLETE
35,35,0.3174756881263521,0.611784140969163,2026-03-10 22:29:38.781211,2026-03-10 22:33:53.844709,0 days 00:04:15.063498,16,0.0007000000000000001,256,0.025,0,COMPLETE
36,36,0.33923705816268923,0.610885144295952,2026-03-10 22:33:53.845671,2026-03-10 22:41:15.040152,0 days 00:07:21.194481,32,0.00041000000000000005,512,0.0,0,COMPLETE
37,37,0.3271978116697735,0.613566151779718,2026-03-10 22:41:15.040968,2026-03-10 22:45:39.869252,0 days 00:04:24.828284,32,0.00044000000000000007,256,0.045,0,COMPLETE
38,38,0.32566459038678336,0.6004592422502871,2026-03-10 22:45:39.869759,2026-03-10 22:54:41.007564,0 days 00:09:01.137805,8,9e-05,512,0.005,0,COMPLETE
39,39,0.3357486774524053,0.6079247331282794,2026-03-10 22:54:41.008465,2026-03-10 23:00:13.224749,0 days 00:05:32.216284,16,0.0008600000000000001,512,0.035,0,COMPLETE
40,40,0.3113374908765157,0.603519384107781,2026-03-10 23:00:13.225529,2026-03-10 23:04:11.271899,0 days 00:03:58.046370,32,0.0004900000000000001,256,0.0,0,COMPLETE
41,41,0.3292304256723987,0.5987346883833624,2026-03-10 23:04:11.272435,2026-03-10 23:07:29.077160,0 days 00:03:17.804725,16,0.0009,256,0.015,0,COMPLETE
42,42,0.3236834655205409,0.5970908063832793,2026-03-10 23:07:29.078095,2026-03-10 23:11:00.619256,0 days 00:03:31.541161,32,0.0005400000000000001,256,0.085,0,COMPLETE
43,43,0.3201448975337876,0.6052631578947368,2026-03-10 23:11:00.620206,2026-03-10 23:14:47.519984,0 days 00:03:46.899778,16,0.00044000000000000007,256,0.05,0,COMPLETE
44,44,0.3227846874958939,0.6056453822965197,2026-03-10 23:14:47.520576,2026-03-10 23:18:33.802450,0 days 00:03:46.281874,16,0.00041000000000000005,256,0.06,0,COMPLETE
45,45,0.31366722392184393,0.6046446558477896,2026-03-10 23:18:33.802976,2026-03-10 23:22:10.472170,0 days 00:03:36.669194,8,0.00044000000000000007,256,0.06,0,COMPLETE
46,46,0.31809210115008885,0.6021216597287498,2026-03-10 23:22:10.473077,2026-03-10 23:25:43.077446,0 days 00:03:32.604369,32,0.0007900000000000001,256,0.015,0,COMPLETE
47,47,0.32624997198581696,0.6080000000000001,2026-03-10 23:25:43.078363,2026-03-10 23:31:44.638297,0 days 00:06:01.559934,16,0.00026000000000000003,512,0.005,0,COMPLETE
48,48,0.35044199890560573,0.575060860156884,2026-03-10 23:31:44.638795,2026-03-10 23:44:56.922816,0 days 00:13:12.284021,32,3.0000000000000004e-05,256,0.07,0,COMPLETE
49,49,0.33028973937034606,0.6211564494295108,2026-03-10 23:44:56.923380,2026-03-10 23:52:17.110089,0 days 00:07:20.186709,32,0.0007100000000000001,512,0.08,0,COMPLETE
