,number,values_0,values_1,datetime_start,datetime_complete,duration,params_batch_size,params_lr,params_max_length,params_weight_decay,system_attrs_NSGAIISampler:generation,state
0,0,0.44417016889367783,0.6039877759035538,2026-03-12 18:42:40.587772,2026-03-12 18:43:40.649679,0 days 00:01:00.061907,8,0.00042000000000000007,256,0.01,0,COMPLETE
1,1,0.4753858664206096,0.56715573626802,2026-03-12 18:43:40.650167,2026-03-12 18:44:33.326331,0 days 00:00:52.676164,8,0.00068,256,0.01,0,COMPLETE
2,2,0.4463743633694119,0.5978790739385664,2026-03-12 18:44:33.326808,2026-03-12 18:45:53.758182,0 days 00:01:20.431374,16,0.0006600000000000001,512,0.06,0,COMPLETE
3,3,0.4522809271301542,0.594232867314448,2026-03-12 18:45:53.758630,2026-03-12 18:46:46.383980,0 days 00:00:52.625350,8,0.0007500000000000001,256,0.015,0,COMPLETE
4,4,0.4594498676913125,0.59295345881956,2026-03-12 18:46:46.384453,2026-03-12 18:48:23.132781,0 days 00:01:36.748328,8,9e-05,256,0.08,0,COMPLETE
5,5,0.44876760499817986,0.5811785826126974,2026-03-12 18:48:23.133194,2026-03-12 18:49:30.549434,0 days 00:01:07.416240,8,0.00018,256,0.0,0,COMPLETE
6,6,0.459704147444831,0.6008375852738825,2026-03-12 18:49:30.549857,2026-03-12 18:51:03.858391,0 days 00:01:33.308534,32,0.0004000000000000001,256,0.095,0,COMPLETE
7,7,0.49944000840187075,0.5378637217357588,2026-03-12 18:51:03.858850,2026-03-12 18:55:20.530629,0 days 00:04:16.671779,32,8e-05,512,0.1,0,COMPLETE
8,8,0.4503997796111637,0.6002558326519011,2026-03-12 18:55:20.531087,2026-03-12 18:57:01.187337,0 days 00:01:40.656250,32,0.00033000000000000005,256,0.045,0,COMPLETE
9,9,0.44998352141941295,0.6052796747913552,2026-03-12 18:57:01.187768,2026-03-12 18:58:16.409903,0 days 00:01:15.222135,8,0.0005200000000000001,512,0.085,0,COMPLETE
10,10,0.4527104735374451,0.5787303178431499,2026-03-12 18:58:16.410350,2026-03-12 19:00:07.925779,0 days 00:01:51.515429,32,0.0007700000000000001,512,0.01,0,COMPLETE
11,11,0.4549082587747013,0.5915111313832132,2026-03-12 19:00:07.926201,2026-03-12 19:01:16.170519,0 days 00:01:08.244318,8,0.00043000000000000004,512,0.025,0,COMPLETE
12,12,0.4501360356807709,0.6029747605103047,2026-03-12 19:01:16.170939,2026-03-12 19:02:26.498572,0 days 00:01:10.327633,32,0.0007900000000000001,256,0.045,0,COMPLETE
13,13,0.4507649689912796,0.6000342815587074,2026-03-12 19:02:26.499022,2026-03-12 19:03:26.018657,0 days 00:00:59.519635,16,0.0008700000000000001,256,0.045,0,COMPLETE
14,14,0.4435330191079308,0.5930274863432342,2026-03-12 19:03:26.019154,2026-03-12 19:04:36.194657,0 days 00:01:10.175503,8,0.00059,512,0.045,0,COMPLETE
15,15,0.4627406597137451,0.5903442778968496,2026-03-12 19:04:36.195078,2026-03-12 19:06:28.382151,0 days 00:01:52.187073,32,0.0008400000000000001,512,0.1,0,COMPLETE
16,16,0.7127190430959066,0.32416660747589543,2026-03-12 19:06:28.382545,2026-03-12 19:10:22.143531,0 days 00:03:53.760986,32,1e-05,256,0.085,0,COMPLETE
17,17,0.45541168919631414,0.5838143924113122,2026-03-12 19:10:22.144087,2026-03-12 19:11:30.467705,0 days 00:01:08.323618,8,0.0002,256,0.085,0,COMPLETE
18,18,0.4391207132074568,0.6075788676996663,2026-03-12 19:11:30.468140,2026-03-12 19:13:06.940445,0 days 00:01:36.472305,16,0.0006100000000000001,512,0.095,0,COMPLETE
19,19,0.45090723368856644,0.5866445696310272,2026-03-12 19:13:06.940874,2026-03-12 19:14:19.934346,0 days 00:01:12.993472,16,0.00021,256,0.0,0,COMPLETE
20,20,0.4576474030812581,0.5804367489394407,2026-03-12 19:14:19.934801,2026-03-12 19:15:18.400612,0 days 00:00:58.465811,16,0.0005400000000000001,256,0.065,0,COMPLETE
21,21,0.4453994697994656,0.606727172429969,2026-03-12 19:15:18.401049,2026-03-12 19:16:46.426696,0 days 00:01:28.025647,16,0.0005700000000000001,512,0.085,0,COMPLETE
22,22,0.47195767760276797,0.5568764667978138,2026-03-12 19:16:46.427202,2026-03-12 19:20:37.204962,0 days 00:03:50.777760,32,0.00012,512,0.015,0,COMPLETE
23,23,0.4590437213579814,0.5824455944306446,2026-03-12 19:20:37.205381,2026-03-12 19:21:47.534527,0 days 00:01:10.329146,32,0.0006700000000000001,256,0.065,0,COMPLETE
24,24,0.46062025953741637,0.5734492159461995,2026-03-12 19:21:47.535018,2026-03-12 19:23:25.254192,0 days 00:01:37.719174,8,0.0001,512,0.1,0,COMPLETE
25,25,0.4525649282667372,0.5959833930417483,2026-03-12 19:23:25.254598,2026-03-12 19:24:35.698547,0 days 00:01:10.443949,32,0.0008400000000000001,256,0.09,0,COMPLETE
26,26,0.4522175298017614,0.6212017109131946,2026-03-12 19:24:35.699006,2026-03-12 19:26:05.622489,0 days 00:01:29.923483,8,0.00047000000000000004,512,0.095,0,COMPLETE
27,27,0.468506611055798,0.5929606627974797,2026-03-12 19:26:05.622909,2026-03-12 19:27:38.926242,0 days 00:01:33.303333,32,0.00039000000000000005,256,0.06,0,COMPLETE
28,28,0.45436229639583164,0.61386432245783,2026-03-12 19:27:38.926673,2026-03-12 19:29:14.696010,0 days 00:01:35.769337,16,0.0006100000000000001,512,0.04,0,COMPLETE
29,29,0.45987119608455235,0.5989460715469369,2026-03-12 19:29:14.696514,2026-03-12 19:30:13.063348,0 days 00:00:58.366834,16,0.00044000000000000007,256,0.085,0,COMPLETE
30,30,0.44669170843230355,0.5887753930944795,2026-03-12 19:30:13.063768,2026-03-12 19:31:41.399987,0 days 00:01:28.336219,16,0.00047000000000000004,512,0.08,0,COMPLETE
31,31,0.4655431926250458,0.5720075969338896,2026-03-12 19:31:41.400418,2026-03-12 19:32:56.221140,0 days 00:01:14.820722,8,8e-05,256,0.035,0,COMPLETE
32,32,0.47045908605351167,0.5897791189456424,2026-03-12 19:32:56.221596,2026-03-12 19:34:40.464794,0 days 00:01:44.243198,8,0.00013000000000000002,512,0.065,0,COMPLETE
33,33,0.46989254819022286,0.5698212782363155,2026-03-12 19:34:40.465242,2026-03-12 19:36:35.589929,0 days 00:01:55.124687,16,6e-05,256,0.005,0,COMPLETE
34,34,0.46542112827301024,0.5909778227489328,2026-03-12 19:36:35.590373,2026-03-12 19:38:52.898708,0 days 00:02:17.308335,32,0.0003600000000000001,512,0.03,0,COMPLETE
35,35,0.45180018684443307,0.5960334671893068,2026-03-12 19:38:52.899138,2026-03-12 19:40:00.396207,0 days 00:01:07.497069,8,0.0008400000000000001,512,0.015,0,COMPLETE
36,36,0.441062115960651,0.6050061315310986,2026-03-12 19:40:00.396626,2026-03-12 19:41:28.623858,0 days 00:01:28.227232,16,0.0007000000000000001,512,0.0,0,COMPLETE
37,37,0.4547051125102573,0.5731723303695737,2026-03-12 19:41:28.624283,2026-03-12 19:43:04.984224,0 days 00:01:36.359941,16,0.00025000000000000006,512,0.07,0,COMPLETE
38,38,0.45851830310291714,0.5709975906604939,2026-03-12 19:43:04.984671,2026-03-12 19:44:41.199748,0 days 00:01:36.215077,16,0.0003400000000000001,512,0.035,0,COMPLETE
39,39,0.44728776812553406,0.6116070867056734,2026-03-12 19:44:41.200171,2026-03-12 19:45:56.139790,0 days 00:01:14.939619,8,0.0008400000000000001,512,0.005,0,COMPLETE
40,40,0.4494052441681133,0.6049100898444959,2026-03-12 19:45:56.140256,2026-03-12 19:47:18.760750,0 days 00:01:22.620494,8,0.0003400000000000001,512,0.03,0,COMPLETE
41,41,0.4695164958635966,0.5652541022240086,2026-03-12 19:47:18.761199,2026-03-12 19:49:15.283126,0 days 00:01:56.521927,32,0.0001,256,0.015,0,COMPLETE
42,42,0.5445143222808838,0.4658156484457031,2026-03-12 19:49:15.283578,2026-03-12 19:53:32.340404,0 days 00:04:17.056826,32,5e-05,512,0.075,0,COMPLETE
43,43,0.4493296514539158,0.5728459004051433,2026-03-12 19:53:32.340873,2026-03-12 19:54:47.376941,0 days 00:01:15.036068,8,0.00026000000000000003,512,0.045,0,COMPLETE
44,44,0.47113087177276614,0.5641417553223236,2026-03-12 19:54:47.377392,2026-03-12 19:58:47.808933,0 days 00:04:00.431541,32,0.00014000000000000001,512,0.01,0,COMPLETE
45,45,0.4669846345980962,0.5814733725242858,2026-03-12 19:58:47.809359,2026-03-12 19:59:39.486742,0 days 00:00:51.677383,16,0.00072,256,0.1,0,COMPLETE
46,46,0.44743350674124327,0.5839230709482504,2026-03-12 19:59:39.487220,2026-03-12 20:01:17.061330,0 days 00:01:37.574110,8,0.0002,512,0.025,0,COMPLETE
47,47,0.4452017962932587,0.5898619664348588,2026-03-12 20:01:17.061747,2026-03-12 20:02:51.892031,0 days 00:01:34.830284,32,0.0008,512,0.085,0,COMPLETE
48,48,0.45203455289204914,0.5804502295354318,2026-03-12 20:02:51.892450,2026-03-12 20:04:04.380393,0 days 00:01:12.487943,16,0.0006600000000000001,512,0.045,0,COMPLETE
49,49,0.44851857949705687,0.5899118277602122,2026-03-12 20:04:04.380840,2026-03-12 20:05:19.476173,0 days 00:01:15.095333,8,0.00041000000000000005,512,0.0,0,COMPLETE
