,number,values_0,values_1,datetime_start,datetime_complete,duration,params_batch_size,params_lr,params_max_length,params_weight_decay,system_attrs_NSGAIISampler:generation,state
0,0,0.3513454794883728,0.32047594837167376,2026-03-07 18:08:25.880460,2026-03-07 18:17:42.491872,0 days 00:09:16.611412,32,0.0005800000000000001,512,0.085,0,COMPLETE
1,1,0.36036553978919983,0.32801855482685155,2026-03-07 18:17:42.493461,2026-03-07 18:27:56.728169,0 days 00:10:14.234708,32,0.0007100000000000001,512,0.045,0,COMPLETE
2,2,0.3456225574016571,0.311525127410176,2026-03-07 18:27:56.729915,2026-03-07 18:35:48.136793,0 days 00:07:51.406878,32,0.0007000000000000001,512,0.05,0,COMPLETE
3,3,0.3539438545703888,0.33666155708406426,2026-03-07 18:35:48.138269,2026-03-07 18:42:18.724982,0 days 00:06:30.586713,8,0.0005000000000000001,256,0.015,0,COMPLETE
4,4,0.35468970552871104,0.32763990661116293,2026-03-07 18:42:18.726467,2026-03-07 18:48:20.568505,0 days 00:06:01.842038,8,0.00033000000000000005,256,0.06,0,COMPLETE
5,5,0.37850710153579714,0.3076969389293037,2026-03-07 18:48:20.570197,2026-03-07 19:02:03.541659,0 days 00:13:42.971462,32,0.00024,256,0.035,0,COMPLETE
6,6,0.3689902424812317,0.3247629270944593,2026-03-07 19:02:03.543762,2026-03-07 19:13:06.458808,0 days 00:11:02.915046,32,0.0007400000000000001,256,0.085,0,COMPLETE
7,7,0.36712896196465744,0.33122044234558484,2026-03-07 19:13:06.460549,2026-03-07 19:18:30.197831,0 days 00:05:23.737282,8,0.0006700000000000001,512,0.025,0,COMPLETE
8,8,0.3510020281139173,0.32855812387375233,2026-03-07 19:18:30.199643,2026-03-07 19:28:49.552462,0 days 00:10:19.352819,8,0.0001,512,0.005,0,COMPLETE
9,9,0.45062310695648194,0.27224163535781976,2026-03-07 19:28:49.554122,2026-03-07 19:43:12.114998,0 days 00:14:22.560876,16,5e-05,256,0.005,0,COMPLETE
10,10,0.34082818031311035,0.3302998877087215,2026-03-07 19:43:12.116539,2026-03-07 19:52:20.263152,0 days 00:09:08.146613,32,0.0008600000000000001,256,0.025,0,COMPLETE
11,11,0.3371369023072092,0.3281871183095504,2026-03-07 19:52:20.265069,2026-03-07 19:57:17.241337,0 days 00:04:56.976268,8,0.0007900000000000001,256,0.01,0,COMPLETE
12,12,0.3629324734210968,0.31998536132377103,2026-03-07 19:57:17.243129,2026-03-07 20:05:10.337019,0 days 00:07:53.093890,32,0.0004900000000000001,512,0.005,0,COMPLETE
13,13,0.3621333445373334,0.3203582451274768,2026-03-07 20:05:10.339195,2026-03-07 20:20:04.095473,0 days 00:14:53.756278,8,4e-05,512,0.07,0,COMPLETE
14,14,0.3606177599806535,0.31597633772356526,2026-03-07 20:20:04.097211,2026-03-07 20:27:23.370703,0 days 00:07:19.273492,8,0.00022,512,0.04,0,COMPLETE
15,15,0.39915691316127777,0.3369088585716497,2026-03-07 20:27:23.372460,2026-03-07 20:36:31.019729,0 days 00:09:07.647269,16,0.0005800000000000001,512,0.085,0,COMPLETE
16,16,0.33296678646614675,0.3445918498370838,2026-03-07 20:36:31.021494,2026-03-07 20:42:23.217644,0 days 00:05:52.196150,8,0.0007400000000000001,512,0.05,0,COMPLETE
17,17,0.8501155376434326,0.0,2026-03-07 20:42:23.219702,2026-03-07 20:46:49.803765,0 days 00:04:26.584063,32,0.00068,512,0.0,0,COMPLETE
18,18,0.3543379545211792,0.3350188375486594,2026-03-07 20:46:49.805471,2026-03-07 20:52:49.173065,0 days 00:05:59.367594,16,0.00063,512,0.035,0,COMPLETE
19,19,0.3554621696472168,0.32779300277582774,2026-03-07 20:52:49.174802,2026-03-07 21:02:15.461862,0 days 00:09:26.287060,32,0.0004900000000000001,256,0.055,0,COMPLETE
20,20,0.3359102912639317,0.3269549498926631,2026-03-07 21:02:15.463689,2026-03-07 21:07:07.371856,0 days 00:04:51.908167,8,0.00063,256,0.035,0,COMPLETE
21,21,0.3559395670890808,0.3177147070516111,2026-03-07 21:07:07.373701,2026-03-07 21:18:00.677296,0 days 00:10:53.303595,32,0.00032,256,0.04,0,COMPLETE
22,22,0.8110795140266418,0.0,2026-03-07 21:18:00.678982,2026-03-07 21:32:07.043005,0 days 00:14:06.364023,16,1e-05,512,0.055,0,COMPLETE
23,23,0.3448097282334378,0.33767616984952925,2026-03-07 21:32:07.044795,2026-03-07 21:40:26.513157,0 days 00:08:19.468362,8,0.00017,256,0.055,0,COMPLETE
24,24,0.35011192450397893,0.3322651539343155,2026-03-07 21:40:26.514722,2026-03-07 21:45:45.774014,0 days 00:05:19.259292,8,0.00041000000000000005,256,0.09,0,COMPLETE
25,25,0.39621573090553286,0.2901415905363782,2026-03-07 21:45:45.775805,2026-03-07 21:59:25.485160,0 days 00:13:39.709355,32,0.00016,256,0.05,0,COMPLETE
26,26,0.3726222336292267,0.318246921772665,2026-03-07 21:59:25.487012,2026-03-07 22:08:39.833423,0 days 00:09:14.346411,16,0.00017,256,0.02,0,COMPLETE
27,27,0.3543648898601532,0.32187647722530105,2026-03-07 22:08:39.835394,2026-03-07 22:19:30.851330,0 days 00:10:51.015936,32,0.00055,512,0.065,0,COMPLETE
28,28,0.3608443796634674,0.31499767018407065,2026-03-07 22:19:30.853008,2026-03-07 22:31:41.650875,0 days 00:12:10.797867,32,0.00031000000000000005,256,0.045,0,COMPLETE
29,29,0.7410905838012696,0.0,2026-03-07 22:31:41.652374,2026-03-07 22:45:32.675545,0 days 00:13:51.023171,32,3.0000000000000004e-05,256,0.095,0,COMPLETE
30,30,0.3664973214268684,0.30885530655502963,2026-03-07 22:45:32.677326,2026-03-07 22:52:53.154142,0 days 00:07:20.476816,16,0.0003600000000000001,512,0.02,0,COMPLETE
31,31,0.3679084748029709,0.3223968994935605,2026-03-07 22:52:53.156148,2026-03-07 22:58:51.646156,0 days 00:05:58.490008,16,0.0005200000000000001,256,0.075,0,COMPLETE
32,32,0.3563553154468536,0.3174673801122556,2026-03-07 22:58:51.647893,2026-03-07 23:08:19.436540,0 days 00:09:27.788647,32,0.0005600000000000001,512,0.05,0,COMPLETE
33,33,0.3804381251335144,0.330425276496723,2026-03-07 23:08:19.438301,2026-03-07 23:15:40.494092,0 days 00:07:21.055791,16,0.0007000000000000001,256,0.015,0,COMPLETE
34,34,0.38699201941490174,0.323014235858351,2026-03-07 23:15:40.495980,2026-03-07 23:27:05.689117,0 days 00:11:25.193137,16,0.00026000000000000003,256,0.09,0,COMPLETE
35,35,0.39622377753257754,0.3029019929354016,2026-03-07 23:27:05.690909,2026-03-07 23:37:02.238407,0 days 00:09:56.547498,32,0.0005600000000000001,512,0.07,0,COMPLETE
36,36,0.36140618920326234,0.3174602208323141,2026-03-07 23:37:02.240263,2026-03-07 23:46:52.661377,0 days 00:09:50.421114,32,0.0005800000000000001,512,0.035,0,COMPLETE
37,37,0.33497344741695806,0.3223506442727334,2026-03-07 23:46:52.663787,2026-03-07 23:51:44.481993,0 days 00:04:51.818206,8,0.00044000000000000007,512,0.015,0,COMPLETE
38,38,0.3501943811774254,0.3400037681160798,2026-03-07 23:51:44.484799,2026-03-08 00:03:55.571660,0 days 00:12:11.086861,16,0.0008,512,0.015,0,COMPLETE
39,39,0.4256947934627533,0.25497179713012713,2026-03-08 00:03:55.573564,2026-03-08 00:17:47.674160,0 days 00:13:52.100596,32,0.0001,256,0.03,0,COMPLETE
40,40,0.36223319470882415,0.31809410670690874,2026-03-08 00:17:47.675993,2026-03-08 00:23:19.187804,0 days 00:05:31.511811,16,0.00064,512,0.05,0,COMPLETE
41,41,0.3492150322387093,0.3375710981986371,2026-03-08 00:23:19.189382,2026-03-08 00:29:38.462675,0 days 00:06:19.273293,8,0.00030000000000000003,512,0.095,0,COMPLETE
42,42,0.3454489096999168,0.3365563435309753,2026-03-08 00:29:38.464507,2026-03-08 00:36:31.905942,0 days 00:06:53.441435,16,0.0009,512,0.09,0,COMPLETE
43,43,0.36751295077173335,0.31789128018706153,2026-03-08 00:36:31.907986,2026-03-08 00:41:53.890145,0 days 00:05:21.982159,8,0.0008800000000000001,512,0.05,0,COMPLETE
44,44,0.34337460398674013,0.32651455958271836,2026-03-08 00:41:53.892127,2026-03-08 00:54:03.490866,0 days 00:12:09.598739,32,0.00047000000000000004,256,0.025,0,COMPLETE
45,45,0.33872291994722264,0.3303978618001542,2026-03-08 00:54:03.492630,2026-03-08 00:59:25.118136,0 days 00:05:21.625506,8,0.0003400000000000001,256,0.025,0,COMPLETE
46,46,0.34215626904838964,0.3333724110362097,2026-03-08 00:59:25.120818,2026-03-08 01:04:16.442738,0 days 00:04:51.321920,8,0.0008700000000000001,512,0.09,0,COMPLETE
47,47,0.38565139323472974,0.32591501170347353,2026-03-08 01:04:16.444484,2026-03-08 01:13:24.424371,0 days 00:09:07.979887,16,0.00027000000000000006,256,0.095,0,COMPLETE
48,48,0.808594810962677,0.0,2026-03-08 01:13:24.426230,2026-03-08 01:27:29.991363,0 days 00:14:05.565133,16,1e-05,256,0.0,0,COMPLETE
49,49,0.3495013070733924,0.3364047112448607,2026-03-08 01:27:29.993314,2026-03-08 01:36:45.026483,0 days 00:09:15.033169,8,0.00015000000000000001,512,0.07,0,COMPLETE
