,number,values_0,values_1,datetime_start,datetime_complete,duration,params_batch_size,params_lr,params_max_length,params_weight_decay,system_attrs_NSGAIISampler:generation,state
0,0,0.3354935050010681,0.5948891394212703,2026-03-05 21:48:04.641333,2026-03-05 22:01:01.004964,0 days 00:12:56.363631,32,0.00030000000000000003,512,0.05,0,COMPLETE
1,1,0.3099099472165108,0.6163663663663664,2026-03-05 22:01:01.006543,2026-03-05 22:06:54.583283,0 days 00:05:53.576740,16,0.0008200000000000001,256,0.04,0,COMPLETE
2,2,0.3189829885959625,0.609140906504836,2026-03-05 22:06:54.584867,2026-03-05 22:17:18.623135,0 days 00:10:24.038268,8,8e-05,512,0.1,0,COMPLETE
3,3,0.3104612588882446,0.613268909124698,2026-03-05 22:17:18.624815,2026-03-05 22:24:03.367916,0 days 00:06:44.743101,32,0.0008800000000000001,256,0.06,0,COMPLETE
4,4,0.3257595583796501,0.6397562833206397,2026-03-05 22:24:03.369409,2026-03-05 22:30:59.142445,0 days 00:06:55.773036,16,0.0008200000000000001,256,0.075,0,COMPLETE
5,5,0.8338302248402646,0.0,2026-03-05 22:30:59.144072,2026-03-05 22:35:55.062448,0 days 00:04:55.918376,8,0.0008400000000000001,512,0.05,0,COMPLETE
6,6,0.3265928104519844,0.6046511627906977,2026-03-05 22:35:55.064070,2026-03-05 22:43:58.926021,0 days 00:08:03.861951,16,0.00035000000000000005,512,0.065,0,COMPLETE
7,7,0.32737074941396715,0.6132241076653012,2026-03-05 22:43:58.927480,2026-03-05 22:49:43.753050,0 days 00:05:44.825570,16,0.00068,512,0.09,0,COMPLETE
8,8,0.8122808933258057,0.0,2026-03-05 22:49:43.754690,2026-03-05 22:55:18.675391,0 days 00:05:34.920701,32,0.0008400000000000001,512,0.065,0,COMPLETE
9,9,0.3301422566175461,0.6025712688652878,2026-03-05 22:55:18.677122,2026-03-05 23:02:14.256559,0 days 00:06:55.579437,16,0.0006200000000000001,256,0.075,0,COMPLETE
10,10,0.32354153457440826,0.5993150684931507,2026-03-05 23:02:14.258447,2026-03-05 23:11:26.245118,0 days 00:09:11.986671,8,0.00012,512,0.01,0,COMPLETE
11,11,0.3365621089935303,0.5888951205832865,2026-03-05 23:11:26.246889,2026-03-05 23:28:09.675798,0 days 00:16:43.428909,32,0.00014000000000000001,256,0.03,0,COMPLETE
12,12,0.8308701170118231,0.0,2026-03-05 23:28:09.677673,2026-03-05 23:36:00.981324,0 days 00:07:51.303651,8,0.00068,512,0.08,0,COMPLETE
13,13,0.30788289873223557,0.5945155393053017,2026-03-05 23:36:00.982931,2026-03-05 23:40:53.558982,0 days 00:04:52.576051,8,0.00064,512,0.035,0,COMPLETE
14,14,0.325411319732666,0.6069483568075117,2026-03-05 23:40:53.560637,2026-03-05 23:53:08.060536,0 days 00:12:14.499899,32,0.00032,256,0.04,0,COMPLETE
15,15,0.31870423555374144,0.6041394741749022,2026-03-05 23:53:08.062229,2026-03-06 00:01:29.740336,0 days 00:08:21.678107,32,0.00041000000000000005,512,0.005,0,COMPLETE
16,16,0.31739354133605957,0.599406528189911,2026-03-06 00:01:29.742186,2026-03-06 00:09:58.804046,0 days 00:08:29.061860,32,0.00059,512,0.025,0,COMPLETE
17,17,0.3218607988796736,0.6165355841166316,2026-03-06 00:09:58.805694,2026-03-06 00:16:38.877784,0 days 00:06:40.072090,8,0.00055,512,0.06,0,COMPLETE
18,18,0.3236653506755829,0.6186244204018546,2026-03-06 00:16:38.879352,2026-03-06 00:26:41.174564,0 days 00:10:02.295212,32,0.0003800000000000001,256,0.025,0,COMPLETE
19,19,0.31584070175886153,0.6083285357896756,2026-03-06 00:26:41.176246,2026-03-06 00:33:33.268639,0 days 00:06:52.092393,16,0.0006500000000000001,512,0.085,0,COMPLETE
20,20,0.33482480347156524,0.5971355123026074,2026-03-06 00:33:33.270346,2026-03-06 00:42:16.522903,0 days 00:08:43.252557,16,0.0005600000000000001,512,0.08,0,COMPLETE
21,21,0.3544646352529526,0.600815418828762,2026-03-06 00:42:16.524610,2026-03-06 00:48:46.145628,0 days 00:06:29.621018,16,0.0008200000000000001,256,0.01,0,COMPLETE
22,22,0.3138147234916687,0.5977376463584044,2026-03-06 00:48:46.147029,2026-03-06 00:55:01.422331,0 days 00:06:15.275302,32,0.0007800000000000001,512,0.075,0,COMPLETE
23,23,0.3142592154051128,0.6033540606745809,2026-03-06 00:55:01.423981,2026-03-06 01:00:28.934765,0 days 00:05:27.510784,8,0.0006700000000000001,256,0.01,0,COMPLETE
24,24,0.3380990415811539,0.5955868718709438,2026-03-06 01:00:28.936605,2026-03-06 01:10:15.858751,0 days 00:09:46.922146,16,0.0003400000000000001,256,0.055,0,COMPLETE
25,25,0.8114930868148804,0.0,2026-03-06 01:10:15.860355,2026-03-06 01:17:29.130445,0 days 00:07:13.270090,32,0.00064,512,0.065,0,COMPLETE
26,26,0.3537443444132805,0.5938189845474614,2026-03-06 01:17:29.132176,2026-03-06 01:24:26.158080,0 days 00:06:57.025904,16,0.00045000000000000004,256,0.01,0,COMPLETE
27,27,0.3131954826806721,0.6058941973274757,2026-03-06 01:24:26.159714,2026-03-06 01:30:33.394077,0 days 00:06:07.234363,8,0.0007800000000000001,512,0.04,0,COMPLETE
28,28,0.7043734312057495,0.0,2026-03-06 01:30:33.395660,2026-03-06 01:47:26.321500,0 days 00:16:52.925840,32,1e-05,512,0.1,0,COMPLETE
29,29,0.39984540939331054,0.4915644171779141,2026-03-06 01:47:26.323242,2026-03-06 02:04:38.914757,0 days 00:17:12.591515,16,3.0000000000000004e-05,256,0.1,0,COMPLETE
30,30,0.32478893195327957,0.587034587034587,2026-03-06 02:04:38.916535,2026-03-06 02:14:20.018396,0 days 00:09:41.101861,8,7.000000000000001e-05,256,0.08,0,COMPLETE
31,31,0.32135578989982605,0.6194592606216665,2026-03-06 02:14:20.020161,2026-03-06 02:23:49.292784,0 days 00:09:29.272623,32,0.0005600000000000001,256,0.02,0,COMPLETE
32,32,0.3024897936143373,0.622093023255814,2026-03-06 02:23:49.294667,2026-03-06 02:29:55.146734,0 days 00:06:05.852067,8,0.0005200000000000001,256,0.02,0,COMPLETE
33,33,0.3109321696193595,0.6103603603603603,2026-03-06 02:29:55.148436,2026-03-06 02:37:11.246589,0 days 00:07:16.098153,8,0.00027000000000000006,256,0.04,0,COMPLETE
34,34,0.315248589766653,0.6150512214342001,2026-03-06 02:37:11.248246,2026-03-06 02:44:34.754286,0 days 00:07:23.506040,8,0.00026000000000000003,512,0.02,0,COMPLETE
35,35,0.3223981559276581,0.5958020412093202,2026-03-06 02:44:34.756083,2026-03-06 02:54:01.312134,0 days 00:09:26.556051,32,0.00043000000000000004,512,0.095,0,COMPLETE
36,36,0.3164186418056488,0.6029884622659354,2026-03-06 02:54:01.313731,2026-03-06 03:03:35.512522,0 days 00:09:34.198791,32,0.0005600000000000001,512,0.03,0,COMPLETE
37,37,0.3141531575667231,0.6086124401913875,2026-03-06 03:03:35.514110,2026-03-06 03:09:44.038994,0 days 00:06:08.524884,8,0.0006900000000000001,256,0.005,0,COMPLETE
38,38,0.32992941588163377,0.5964714714714715,2026-03-06 03:09:44.040756,2026-03-06 03:25:48.488095,0 days 00:16:04.447339,16,9e-05,512,0.08,0,COMPLETE
39,39,0.4225018471479416,0.492792619642514,2026-03-06 03:25:48.489981,2026-03-06 03:43:03.360056,0 days 00:17:14.870075,16,2e-05,512,0.035,0,COMPLETE
40,40,0.33856435418128966,0.5936021200075715,2026-03-06 03:43:03.361813,2026-03-06 03:52:15.643592,0 days 00:09:12.281779,16,0.00014000000000000001,512,0.015,0,COMPLETE
41,41,0.33776540818967316,0.5865788992503199,2026-03-06 03:52:15.645268,2026-03-06 03:57:07.521490,0 days 00:04:51.876222,8,0.00051,512,0.05,0,COMPLETE
42,42,0.32032963868818787,0.5923279428356525,2026-03-06 03:57:07.523936,2026-03-06 04:02:38.419257,0 days 00:05:30.895321,8,0.0003800000000000001,256,0.09,0,COMPLETE
43,43,0.31879094839096067,0.5990016638935108,2026-03-06 04:02:38.420951,2026-03-06 04:10:39.558637,0 days 00:08:01.137686,16,0.00030000000000000003,512,0.025,0,COMPLETE
44,44,0.3123147644494709,0.6088385682980277,2026-03-06 04:10:39.560628,2026-03-06 04:16:49.576327,0 days 00:06:10.015699,8,0.0008500000000000001,512,0.04,0,COMPLETE
45,45,0.315377414226532,0.5852338616157712,2026-03-06 04:16:49.578085,2026-03-06 04:23:31.465829,0 days 00:06:41.887744,32,0.0006100000000000001,512,0.085,0,COMPLETE
46,46,0.3212124383763263,0.596328574077508,2026-03-06 04:23:31.467578,2026-03-06 04:29:35.351921,0 days 00:06:03.884343,8,0.0007100000000000001,256,0.005,0,COMPLETE
47,47,0.339661967754364,0.5919026800988405,2026-03-06 04:29:35.353832,2026-03-06 04:46:21.805272,0 days 00:16:46.451440,32,0.00011,512,0.025,0,COMPLETE
48,48,0.830728436771192,0.0,2026-03-06 04:46:21.807069,2026-03-06 04:53:04.616890,0 days 00:06:42.809821,8,0.0008800000000000001,256,0.035,0,COMPLETE
49,49,0.3161949013408862,0.5988183724032781,2026-03-06 04:53:04.618642,2026-03-06 05:01:37.340186,0 days 00:08:32.721544,8,0.00012,512,0.09,0,COMPLETE
