,number,values_0,values_1,datetime_start,datetime_complete,duration,params_batch_size,params_lr,params_max_length,params_weight_decay,system_attrs_NSGAIISampler:generation,state
0,0,0.5046693649556901,0.5763099516681206,2026-03-15 06:08:26.666181,2026-03-15 06:19:03.592190,0 days 00:10:36.926009,32,0.0003800000000000001,256,0.05,0,COMPLETE
1,1,0.4822932779788971,0.5548312085279301,2026-03-15 06:19:03.595166,2026-03-15 06:36:30.333390,0 days 00:17:26.738224,16,0.00016,512,0.015,0,COMPLETE
2,2,0.4587109088897705,0.5822194770239861,2026-03-15 06:36:30.335718,2026-03-15 06:47:53.569777,0 days 00:11:23.234059,16,0.0004900000000000001,512,0.085,0,COMPLETE
3,3,0.475620424657157,0.6160075824921597,2026-03-15 06:47:53.572480,2026-03-15 06:55:57.136805,0 days 00:08:03.564325,8,0.0007400000000000001,256,0.09,0,COMPLETE
4,4,0.49537211656570435,0.5810577665750057,2026-03-15 06:55:57.139063,2026-03-15 07:05:06.851991,0 days 00:09:09.712928,32,0.00030000000000000003,256,0.07,0,COMPLETE
5,5,0.4701601465543111,0.5910125912591947,2026-03-15 07:05:06.854437,2026-03-15 07:20:00.403031,0 days 00:14:53.548594,16,0.00030000000000000003,512,0.005,0,COMPLETE
6,6,0.4798215561442905,0.5740676260141724,2026-03-15 07:20:00.405790,2026-03-15 07:28:31.643786,0 days 00:08:31.237996,32,0.0004000000000000001,256,0.06,0,COMPLETE
7,7,0.4853444713003495,0.5671204678301196,2026-03-15 07:28:31.646676,2026-03-15 07:38:53.967237,0 days 00:10:22.320561,16,0.00014000000000000001,256,0.06,0,COMPLETE
8,8,0.5037862526045905,0.5503876310111464,2026-03-15 07:38:53.969559,2026-03-15 07:48:08.758799,0 days 00:09:14.789240,32,0.00030000000000000003,256,0.025,0,COMPLETE
9,9,0.455335375140695,0.6169807709501449,2026-03-15 07:48:08.760981,2026-03-15 08:04:17.089421,0 days 00:16:08.328440,8,0.0006700000000000001,512,0.025,0,COMPLETE
10,10,1.096432997899897,0.0,2026-03-15 08:04:17.092344,2026-03-15 08:09:37.775628,0 days 00:05:20.683284,8,0.0008200000000000001,512,0.015,0,COMPLETE
11,11,0.46153705649905735,0.5911205854866226,2026-03-15 08:09:37.778471,2026-03-15 08:17:26.785738,0 days 00:07:49.007267,32,0.0008700000000000001,256,0.015,0,COMPLETE
12,12,0.45345338740769553,0.5664822896069952,2026-03-15 08:17:26.787808,2026-03-15 08:29:06.855657,0 days 00:11:40.067849,8,0.00022,512,0.0,0,COMPLETE
13,13,1.1219593048095704,0.0,2026-03-15 08:29:06.858017,2026-03-15 09:24:04.720057,0 days 00:54:57.862040,32,2e-05,512,0.005,0,COMPLETE
14,14,0.4962227940559387,0.5798492836773201,2026-03-15 09:24:04.722242,2026-03-15 10:01:01.715987,0 days 00:36:56.993745,32,0.0003400000000000001,512,0.075,0,COMPLETE
15,15,0.4872731135951148,0.5960981810673158,2026-03-15 10:01:01.718695,2026-03-15 10:33:35.958253,0 days 00:32:34.239558,16,0.0007100000000000001,512,0.07,0,COMPLETE
16,16,0.45720779564645553,0.6068102194243872,2026-03-15 10:33:35.960990,2026-03-15 11:00:01.925114,0 days 00:26:25.964124,16,0.0006200000000000001,512,0.095,0,COMPLETE
17,17,0.48375237123532727,0.5771740354335912,2026-03-15 11:00:01.927201,2026-03-15 11:21:41.062046,0 days 00:21:39.134845,8,0.00016,256,0.005,0,COMPLETE
18,18,0.47535847425460814,0.575523456834955,2026-03-15 11:21:41.064908,2026-03-15 11:55:14.039833,0 days 00:33:32.974925,32,0.00072,512,0.03,0,COMPLETE
19,19,0.49454238679673934,0.5794871865001494,2026-03-15 11:55:14.042011,2026-03-15 12:31:27.480196,0 days 00:36:13.438185,16,0.00023,512,0.095,0,COMPLETE
20,20,0.48611646845485224,0.6130894470705277,2026-03-15 12:31:27.482302,2026-03-15 12:51:31.439147,0 days 00:20:03.956845,8,0.00076,256,0.04,0,COMPLETE
21,21,0.5214609146118164,0.5502832268173526,2026-03-15 12:51:31.442056,2026-03-15 13:38:38.304080,0 days 00:47:06.862024,32,0.0003600000000000001,512,0.0,0,COMPLETE
22,22,0.48589501642819605,0.5389690409224059,2026-03-15 13:38:38.306130,2026-03-15 13:54:18.606708,0 days 00:15:40.300578,8,0.00026000000000000003,256,0.045,0,COMPLETE
23,23,0.459512477571314,0.5787914953965757,2026-03-15 13:54:18.609664,2026-03-15 14:10:11.417467,0 days 00:15:52.807803,8,0.00046000000000000007,256,0.03,0,COMPLETE
24,24,0.4555934544871835,0.5545100779088743,2026-03-15 14:10:11.419744,2026-03-15 14:29:34.483823,0 days 00:19:23.064079,8,0.00055,512,0.08,0,COMPLETE
25,25,0.46141624713645263,0.619399432667959,2026-03-15 14:29:34.486600,2026-03-15 14:47:11.633325,0 days 00:17:37.146725,16,0.0008400000000000001,256,0.085,0,COMPLETE
26,26,0.4665287724312614,0.6182561371503961,2026-03-15 14:47:11.636198,2026-03-15 15:06:14.887585,0 days 00:19:03.251387,16,0.00068,256,0.005,0,COMPLETE
27,27,0.5168471625356963,0.5256657620193401,2026-03-15 15:06:14.890592,2026-03-15 15:44:44.244077,0 days 00:38:29.353485,8,3.0000000000000004e-05,256,0.075,0,COMPLETE
28,28,0.4979423701763153,0.564355061892503,2026-03-15 15:44:44.246352,2026-03-15 15:57:28.192587,0 days 00:12:43.946235,32,0.0005300000000000001,512,0.055,0,COMPLETE
29,29,0.4779173131241943,0.6072374319569012,2026-03-15 15:57:28.195443,2026-03-15 16:04:43.752046,0 days 00:07:15.556603,8,0.0008500000000000001,256,0.075,0,COMPLETE
30,30,0.47580231428146363,0.5595843226799537,2026-03-15 16:04:43.754442,2026-03-15 16:16:36.883187,0 days 00:11:53.128745,32,0.0007700000000000001,512,0.045,0,COMPLETE
31,31,0.48117612600326537,0.5784047582566463,2026-03-15 16:16:36.885440,2026-03-15 16:31:05.634168,0 days 00:14:28.748728,32,0.0005300000000000001,512,0.045,0,COMPLETE
32,32,0.4818040430545807,0.5694466626787127,2026-03-15 16:31:05.636141,2026-03-15 16:42:09.313278,0 days 00:11:03.677137,32,0.0006700000000000001,512,0.03,0,COMPLETE
33,33,0.46522247528328614,0.5908429729291339,2026-03-15 16:42:09.315594,2026-03-15 16:48:50.717769,0 days 00:06:41.402175,16,0.0005300000000000001,256,0.08,0,COMPLETE
34,34,0.4684801896413167,0.5802178406113963,2026-03-15 16:48:50.720880,2026-03-15 17:01:05.019110,0 days 00:12:14.298230,16,0.00041000000000000005,512,0.09,0,COMPLETE
35,35,0.516077094607883,0.5219892625263198,2026-03-15 17:01:05.021074,2026-03-15 17:19:29.854641,0 days 00:18:24.833567,32,7.000000000000001e-05,256,0.01,0,COMPLETE
36,36,0.4976682596736484,0.5754962962185154,2026-03-15 17:19:29.857355,2026-03-15 17:32:54.114473,0 days 00:13:24.257118,32,0.0002,256,0.055,0,COMPLETE
37,37,0.488956759373347,0.5733388914927515,2026-03-15 17:32:54.116427,2026-03-15 17:40:09.563730,0 days 00:07:15.447303,8,0.00024,256,0.055,0,COMPLETE
38,38,0.6525273323059082,0.3805673604140528,2026-03-15 17:40:09.566585,2026-03-15 18:05:40.949389,0 days 00:25:31.382804,32,6e-05,512,0.06,0,COMPLETE
39,39,0.4303135486210094,0.621485242246825,2026-03-15 18:05:40.951574,2026-03-15 18:16:28.386971,0 days 00:10:47.435397,8,0.0008800000000000001,512,0.055,0,COMPLETE
40,40,0.4818258530953351,0.6009805538109783,2026-03-15 18:16:28.389012,2026-03-15 18:25:21.492085,0 days 00:08:53.103073,16,0.00032,256,0.085,0,COMPLETE
41,41,0.45529259906874764,0.6000112702129963,2026-03-15 18:25:21.494910,2026-03-15 18:34:57.367302,0 days 00:09:35.872392,16,0.0007900000000000001,512,0.055,0,COMPLETE
42,42,0.4948948323726654,0.5327449892066782,2026-03-15 18:34:57.369214,2026-03-15 18:52:00.562251,0 days 00:17:03.193037,16,5e-05,256,0.005,0,COMPLETE
43,43,0.48875515951829795,0.5727421432712062,2026-03-15 18:52:00.564595,2026-03-15 18:58:40.908314,0 days 00:06:40.343719,16,0.0008600000000000001,256,0.025,0,COMPLETE
44,44,0.5016571700572967,0.566233172892382,2026-03-15 18:58:40.910655,2026-03-15 19:18:11.270845,0 days 00:19:30.360190,32,0.0003600000000000001,512,0.03,0,COMPLETE
45,45,0.4908975555616267,0.6100403009305292,2026-03-15 19:18:11.272752,2026-03-15 19:26:19.848894,0 days 00:08:08.576142,16,0.0007800000000000001,256,0.075,0,COMPLETE
46,46,0.45324094728990033,0.5864462366227966,2026-03-15 19:26:19.851498,2026-03-15 19:32:46.228088,0 days 00:06:26.376590,8,0.0007700000000000001,256,0.0,0,COMPLETE
47,47,0.5036397212081485,0.546157902294696,2026-03-15 19:32:46.230384,2026-03-15 19:58:02.409725,0 days 00:25:16.179341,16,9e-05,512,0.09,0,COMPLETE
48,48,0.4574275215466817,0.5591366842464606,2026-03-15 19:58:02.412423,2026-03-15 20:06:47.237843,0 days 00:08:44.825420,16,0.0006500000000000001,512,0.085,0,COMPLETE
49,49,0.4935544961028629,0.5617662801479596,2026-03-15 20:06:47.240477,2026-03-15 20:16:00.588706,0 days 00:09:13.348229,32,0.0003800000000000001,256,0.095,0,COMPLETE
