,number,values_0,values_1,datetime_start,datetime_complete,duration,params_batch_size,params_lr,params_max_length,params_weight_decay,system_attrs_NSGAIISampler:generation,state
0,0,0.3464663194285499,0.32634285297934523,2026-03-12 11:51:34.794087,2026-03-12 11:55:18.071570,0 days 00:03:43.277483,16,0.00027000000000000006,512,0.03,0,COMPLETE
1,1,0.33754374725478037,0.33130410706446645,2026-03-12 11:55:18.072062,2026-03-12 11:57:57.104009,0 days 00:02:39.031947,8,0.00044000000000000007,256,0.08,0,COMPLETE
2,2,0.3508330202764935,0.32132715233446185,2026-03-12 11:57:57.104419,2026-03-12 12:02:04.351592,0 days 00:04:07.247173,32,0.00026000000000000003,256,0.085,0,COMPLETE
3,3,0.3403000796542448,0.32381895405268485,2026-03-12 12:02:04.351909,2026-03-12 12:04:41.809553,0 days 00:02:37.457644,8,0.00059,512,0.015,0,COMPLETE
4,4,0.34523562838633853,0.3330954582415182,2026-03-12 12:04:41.809927,2026-03-12 12:07:16.980593,0 days 00:02:35.170666,16,0.0003400000000000001,256,0.09,0,COMPLETE
5,5,0.3632948775501812,0.3374282561503227,2026-03-12 12:07:16.980953,2026-03-12 12:11:02.544892,0 days 00:03:45.563939,8,0.00033000000000000005,512,0.09,0,COMPLETE
6,6,0.35002217690149945,0.3328012553208386,2026-03-12 12:11:02.545257,2026-03-12 12:16:53.483603,0 days 00:05:50.938346,16,0.00016,512,0.01,0,COMPLETE
7,7,0.8648699389563667,0.0,2026-03-12 12:16:53.484003,2026-03-12 12:18:37.685681,0 days 00:01:44.201678,16,0.0006100000000000001,512,0.01,0,COMPLETE
8,8,0.35047178467114765,0.3253466181886622,2026-03-12 12:18:37.686035,2026-03-12 12:21:13.408580,0 days 00:02:35.722545,16,0.0007500000000000001,512,0.005,0,COMPLETE
9,9,0.8784644484519959,0.0,2026-03-12 12:21:13.408971,2026-03-12 12:22:57.223745,0 days 00:01:43.814774,32,0.0008800000000000001,512,0.01,0,COMPLETE
10,10,0.8719777703285218,0.0,2026-03-12 12:22:57.224141,2026-03-12 12:24:41.245073,0 days 00:01:44.020932,32,0.00051,512,0.045,0,COMPLETE
11,11,0.8359832896126641,0.0,2026-03-12 12:24:41.245459,2026-03-12 12:26:38.819612,0 days 00:01:57.574153,32,0.0005700000000000001,256,0.015,0,COMPLETE
12,12,0.8460009038448334,0.0,2026-03-12 12:26:38.819983,2026-03-12 12:29:37.214572,0 days 00:02:58.394589,8,0.0009,256,0.015,0,COMPLETE
13,13,0.8390990959273444,0.0,2026-03-12 12:29:37.215006,2026-03-12 12:31:33.291119,0 days 00:01:56.076113,32,0.0008500000000000001,256,0.09,0,COMPLETE
14,14,0.8437191016144223,0.0,2026-03-12 12:31:33.291467,2026-03-12 12:34:24.775374,0 days 00:02:51.483907,16,0.0005800000000000001,256,0.005,0,COMPLETE
15,15,0.5505313396453857,0.20381207807046284,2026-03-12 12:34:24.775767,2026-03-12 12:43:03.504627,0 days 00:08:38.728860,32,0.00024,512,0.05,0,COMPLETE
16,16,0.4202849268913269,0.2918510564363274,2026-03-12 12:43:03.505035,2026-03-12 12:51:40.568664,0 days 00:08:37.063629,32,0.00013000000000000002,512,0.06,0,COMPLETE
17,17,0.35519609848658246,0.34150498223411246,2026-03-12 12:51:40.569067,2026-03-12 12:54:29.920469,0 days 00:02:49.351402,16,0.00031000000000000005,256,0.07,0,COMPLETE
18,18,0.34228526883655125,0.3183305107164217,2026-03-12 12:54:29.920820,2026-03-12 12:57:51.092237,0 days 00:03:21.171417,32,0.00027000000000000006,256,0.01,0,COMPLETE
19,19,0.8763531684875489,0.0,2026-03-12 12:57:51.092614,2026-03-12 13:01:34.728081,0 days 00:03:43.635467,32,0.00047000000000000004,512,0.025,0,COMPLETE
20,20,0.36556415557861327,0.31317614922620196,2026-03-12 13:01:34.728493,2026-03-12 13:10:13.551956,0 days 00:08:38.823463,32,0.00013000000000000002,512,0.05,0,COMPLETE
21,21,0.3539686467912462,0.3258528571474556,2026-03-12 13:10:13.552346,2026-03-12 13:16:46.548179,0 days 00:06:32.995833,16,0.00011,512,0.1,0,COMPLETE
22,22,0.3368569877530847,0.32894117848195853,2026-03-12 13:16:46.548550,2026-03-12 13:19:26.290385,0 days 00:02:39.741835,8,0.00051,256,0.0,0,COMPLETE
23,23,0.8614766200383505,0.0,2026-03-12 13:19:26.290758,2026-03-12 13:22:16.594728,0 days 00:02:50.303970,16,0.0007500000000000001,512,0.015,0,COMPLETE
24,24,0.35062489410241443,0.32870923144133996,2026-03-12 13:22:16.595121,2026-03-12 13:27:01.433340,0 days 00:04:44.838219,32,0.00021,256,0.05,0,COMPLETE
25,25,0.3393205317358176,0.3244057828391243,2026-03-12 13:27:01.433693,2026-03-12 13:29:47.188183,0 days 00:02:45.754490,16,0.00021,256,0.08,0,COMPLETE
26,26,0.3470123616712434,0.3285812822311579,2026-03-12 13:29:47.188565,2026-03-12 13:38:58.620874,0 days 00:09:11.432309,8,3.0000000000000004e-05,256,0.0,0,COMPLETE
27,27,0.3387816730472777,0.3271548399356627,2026-03-12 13:38:58.621268,2026-03-12 13:41:44.312174,0 days 00:02:45.690906,32,0.0005600000000000001,256,0.045,0,COMPLETE
28,28,0.8396163497652326,0.0,2026-03-12 13:41:44.312543,2026-03-12 13:45:03.263205,0 days 00:03:18.950662,8,0.00059,256,0.07,0,COMPLETE
29,29,0.3443579011493259,0.31929044260385053,2026-03-12 13:45:03.263557,2026-03-12 13:48:54.515088,0 days 00:03:51.251531,32,0.00016,256,0.1,0,COMPLETE
30,30,0.34700809460547233,0.3341152476682614,2026-03-12 13:48:54.515485,2026-03-12 13:51:12.416200,0 days 00:02:17.900715,16,0.0008600000000000001,256,0.085,0,COMPLETE
31,31,0.35068147381146747,0.3320077064459592,2026-03-12 13:51:12.416615,2026-03-12 13:56:02.751820,0 days 00:04:50.335205,16,0.00024,512,0.075,0,COMPLETE
32,32,0.34644215788160054,0.3252908035126015,2026-03-12 13:56:02.752220,2026-03-12 14:01:05.724455,0 days 00:05:02.972235,8,6e-05,256,0.08,0,COMPLETE
33,33,0.8565776558483348,0.0,2026-03-12 14:01:05.724818,2026-03-12 14:03:51.763271,0 days 00:02:46.038453,8,0.0008500000000000001,512,0.09,0,COMPLETE
34,34,0.836289213763343,0.0,2026-03-12 14:03:51.763684,2026-03-12 14:06:22.366536,0 days 00:02:30.602852,32,0.0006000000000000001,256,0.085,0,COMPLETE
35,35,0.3408706502781974,0.33022644812919444,2026-03-12 14:06:22.366902,2026-03-12 14:09:46.957469,0 days 00:03:24.590567,16,0.0005200000000000001,512,0.095,0,COMPLETE
36,36,0.34958751329353877,0.3318703201225204,2026-03-12 14:09:46.957858,2026-03-12 14:12:06.649931,0 days 00:02:19.692073,8,0.0007100000000000001,256,0.045,0,COMPLETE
37,37,0.4144680619239807,0.2949668459601101,2026-03-12 14:12:06.650317,2026-03-12 14:20:46.549579,0 days 00:08:39.899262,32,6e-05,512,0.075,0,COMPLETE
38,38,0.34337250537732067,0.33647366461599665,2026-03-12 14:20:46.549996,2026-03-12 14:24:14.480219,0 days 00:03:27.930223,8,0.00044000000000000007,512,0.04,0,COMPLETE
39,39,0.35855840974383885,0.3216012872189186,2026-03-12 14:24:14.480584,2026-03-12 14:29:56.933792,0 days 00:05:42.453208,16,0.00013000000000000002,512,0.02,0,COMPLETE
40,40,0.3731759607791901,0.3214004136564802,2026-03-12 14:29:56.934191,2026-03-12 14:36:01.106189,0 days 00:06:04.171998,32,0.00027000000000000006,512,0.05,0,COMPLETE
41,41,0.3676397254069646,0.3275728239067009,2026-03-12 14:36:01.106572,2026-03-12 14:38:34.451003,0 days 00:02:33.344431,16,0.00045000000000000004,256,0.09,0,COMPLETE
42,42,0.3648246631902807,0.34380223768468027,2026-03-12 14:38:34.451370,2026-03-12 14:41:46.591831,0 days 00:03:12.140461,8,0.0007500000000000001,512,0.01,0,COMPLETE
43,43,0.34200630047255093,0.3382308198187658,2026-03-12 14:41:46.592285,2026-03-12 14:44:19.136219,0 days 00:02:32.543934,16,0.0004000000000000001,256,0.05,0,COMPLETE
44,44,0.3424049425456259,0.32267524613688126,2026-03-12 14:44:19.136651,2026-03-12 14:46:36.877417,0 days 00:02:17.740766,16,0.0008200000000000001,256,0.005,0,COMPLETE
45,45,0.35318026774459416,0.3176002763619832,2026-03-12 14:46:36.877822,2026-03-12 14:49:41.174326,0 days 00:03:04.296504,32,0.00033000000000000005,256,0.05,0,COMPLETE
46,46,0.873366379737854,0.0,2026-03-12 14:49:41.174692,2026-03-12 14:51:58.370275,0 days 00:02:17.195583,32,0.0008500000000000001,512,0.04,0,COMPLETE
47,47,0.8759518146514893,0.0,2026-03-12 14:51:58.370677,2026-03-12 14:54:00.430267,0 days 00:02:02.059590,32,0.00031000000000000005,512,0.075,0,COMPLETE
48,48,0.35021952788035077,0.32795300530201504,2026-03-12 14:54:00.430656,2026-03-12 14:58:51.173979,0 days 00:04:50.743323,16,0.00024,512,0.045,0,COMPLETE
49,49,0.34767548905478585,0.325672856402808,2026-03-12 14:58:51.174382,2026-03-12 15:04:40.797231,0 days 00:05:49.622849,32,0.00011,256,0.095,0,COMPLETE
